[17:08:08] [main/INFO]: Loading Minecraft 1.19.3 with Fabric Loader 0.14.21
[17:08:08] [main/INFO]: Fabric is preparing JARs on first launch, this may take a few seconds...
[17:08:08] [main/INFO]: Loading 62 mods:
	- chat_heads 0.10.5
	- cloth-config 9.0.94
	   \-- cloth-basic-math 0.6.1
	- fabric-api 0.75.1+1.19.3
	   |-- fabric-api-base 0.4.21+70be179c85
	   |-- fabric-api-lookup-api-v1 1.6.20+49abcf7e85
	   |-- fabric-biome-api-v1 12.1.1+b5d379b085
	   |-- fabric-block-api-v1 1.0.5+e022e5d185
	   |-- fabric-blockrenderlayer-v1 1.1.31+928d44d585
	   |-- fabric-client-tags-api-v1 1.0.12+1134c5b885
	   |-- fabric-command-api-v1 1.2.22+f71b366f85
	   |-- fabric-command-api-v2 2.2.1+3fc4752e85
	   |-- fabric-commands-v0 0.2.39+df3654b385
	   |-- fabric-containers-v0 0.1.47+df3654b385
	   |-- fabric-content-registries-v0 3.5.1+1d37d50285
	   |-- fabric-convention-tags-v1 1.2.2+8e4e694f85
	   |-- fabric-crash-report-info-v1 0.2.14+aeb40ebe85
	   |-- fabric-data-generation-api-v1 11.3.1+40dc7a9485
	   |-- fabric-dimensions-v1 2.1.42+00a2eb1085
	   |-- fabric-entity-events-v1 1.5.7+b83334a085
	   |-- fabric-events-interaction-v0 0.4.40+3baeb27a85
	   |-- fabric-events-lifecycle-v0 0.2.44+df3654b385
	   |-- fabric-game-rule-api-v1 1.0.30+99f9db8085
	   |-- fabric-item-api-v1 2.1.10+312c329485
	   |-- fabric-item-group-api-v1 2.1.12+1134c5b885
	   |-- fabric-key-binding-api-v1 1.0.31+bc01e09785
	   |-- fabric-keybindings-v0 0.2.29+df3654b385
	   |-- fabric-lifecycle-events-v1 2.2.10+23a79c8a85
	   |-- fabric-loot-api-v2 1.1.20+75e9821185
	   |-- fabric-loot-tables-v1 1.1.24+9e7660c685
	   |-- fabric-message-api-v1 5.1.0+c85585f885
	   |-- fabric-mining-level-api-v1 2.1.31+49abcf7e85
	   |-- fabric-models-v0 0.3.27+11ba9c3b85
	   |-- fabric-networking-api-v1 1.2.17+4017a8cb85
	   |-- fabric-networking-v0 0.3.34+df3654b385
	   |-- fabric-object-builder-api-v1 5.4.1+eb2a3ba985
	   |-- fabric-particles-v1 1.0.20+f1e4495b85
	   |-- fabric-recipe-api-v1 1.0.1+5176f73d85
	   |-- fabric-registry-sync-v0 2.1.0+f7b4d36485
	   |-- fabric-renderer-api-v1 2.2.2+3a95925a85
	   |-- fabric-renderer-indigo 0.8.0+3a95925a85
	   |-- fabric-renderer-registries-v1 3.2.30+df3654b385
	   |-- fabric-rendering-data-attachment-v1 0.3.25+afca2f3e85
	   |-- fabric-rendering-fluids-v1 3.0.18+f1e4495b85
	   |-- fabric-rendering-v0 1.1.33+df3654b385
	   |-- fabric-rendering-v1 1.12.1+eb2a3ba985
	   |-- fabric-resource-conditions-api-v1 2.3.0+e63306e085
	   |-- fabric-resource-loader-v0 0.10.5+a91e48b785
	   |-- fabric-screen-api-v1 1.0.41+f1e4495b85
	   |-- fabric-screen-handler-api-v1 1.3.13+99f9db8085
	   |-- fabric-sound-api-v1 1.0.8+75e9821185
	   |-- fabric-transfer-api-v1 2.1.15+ccd377ba85
	   \-- fabric-transitive-access-wideners-v1 2.3.1+40dc7a9485
	- fabricloader 0.14.21
	- java 17
	- jei 12.3.0.18
	- journeymap 5.9.3
	   \-- journeymap-api-fabric 1.19.3-1.9-fabric-SNAPSHOT
	- minecraft 1.19.3
	- modmenu 5.0.2
	- sodium 0.4.9+build.23
	- zmusic 3.1.0
[17:08:09] [main/INFO]: SpongePowered MIXIN Subsystem Version=0.8.5 Source=file:/E:/mondaysetup/.minecraft/libraries/net/fabricmc/sponge-mixin/0.12.5+mixin.0.8.5/sponge-mixin-0.12.5+mixin.0.8.5.jar Service=Knot/Fabric Env=CLIENT
[17:08:09] [main/INFO]: Compatibility level set to JAVA_17
[17:08:09] [main/INFO]: Loaded configuration file for Sodium: 33 options available, 0 override(s) found
[17:08:16] [main/INFO]: Building optimized datafixer
[17:08:23] [Render thread/INFO]: Launching a new process to probe the system configuration!
[17:08:27] [Render thread/INFO]: OpenGL Vendor: NVIDIA Corporation
[17:08:27] [Render thread/INFO]: OpenGL Renderer: NVIDIA GeForce MX330/PCIe/SSE2
[17:08:27] [Render thread/INFO]: OpenGL Version: 3.3.0 NVIDIA 511.69
[17:08:27] [Render thread/WARN]: Enabling workaround for NVIDIA graphics drivers on Windows (issue #1486)
[17:08:27] [Render thread/WARN]: One or more workarounds were enabled to prevent crashes or other issues on your system. You may need to update your graphics drivers.
[17:08:28] [Render thread/INFO]: Environment: authHost='https://littleskin.cn/api/yggdrasil/authserver', accountsHost='http://127.0.0.1:2740/https/api.mojang.com', sessionHost='http://127.0.0.1:2740/https/sessionserver.mojang.com', servicesHost='http://127.0.0.1:2740/https/api.minecraftservices.com', name='PROD'
[17:08:28] [Render thread/INFO]: Setting user: dawangfangpi
[17:08:30] [Render thread/INFO]: Initializing ServerSide Packet Registries
[17:08:30] [Render thread/INFO]: Welcome use ZMusic Mod!
[17:08:30] [Render thread/INFO]: Homepage: https://m.zplu.cc
[17:08:30] [Render thread/INFO]: Github: https://github.com/RealHeart/ZMusic-Mod
[17:08:30] [Render thread/INFO]: Discord: https://discord.gg/twQgJNufYn
[17:08:30] [Render thread/INFO]: QQ Group: 1032722724
[17:08:30] [Render thread/INFO]: [Indigo] Different rendering plugin detected; not applying Indigo.
[17:08:31] [Render thread/INFO]: Sending ConfigManager...
[17:08:31] [Render thread/INFO]: Sending ConfigManager took 10.60 ms
[17:08:34] [Render thread/INFO]: Backend library: LWJGL version 3.3.1 SNAPSHOT
[17:08:39] [Render thread/WARN]: Static binding violation: PRIVATE @Overwrite method method_23182 in sodium.mixins.json:features.item.MixinItemRenderer from mod sodium cannot reduce visibiliy of PUBLIC target method, visibility will be upgraded.
[17:08:42] [Render thread/INFO]: Reloading ResourceManager: vanilla, Fabric Mods (Chat Heads, Cloth Config v9, Fabric API, Fabric API Base, Fabric API Lookup API (v1), Fabric Biome API (v1), Fabric Block API (v1), Fabric BlockRenderLayer Registration (v1), Fabric Client Tags, Fabric Command API (v1), Fabric Command API (v2), Fabric Commands (v0), Fabric Containers (v0), Fabric Content Registries (v0), Fabric Convention Tags, Fabric Crash Report Info (v1), Fabric Data Generation API (v1), Fabric Dimensions API (v1), Fabric Entity Events (v1), Fabric Events Interaction (v0), Fabric Events Lifecycle (v0), Fabric Game Rule API (v1), Fabric Item API (v1), Fabric Item Group API (v1), Fabric Key Binding API (v1), Fabric Key Bindings (v0), Fabric Lifecycle Events (v1), Fabric Loot API (v2), Fabric Loot Tables (v1), Fabric Message API (v1), Fabric Mining Level API (v1), Fabric Models (v0), Fabric Networking API (v1), Fabric Networking (v0), Fabric Object Builder API (v1), Fabric Particles (v1), Fabric Recipe API (v1), Fabric Registry Sync (v0), Fabric Renderer API (v1), Fabric Renderer - Indigo, Fabric Renderer Registries (v1), Fabric Rendering Data Attachment (v1), Fabric Rendering Fluids (v1), Fabric Rendering (v0), Fabric Rendering (v1), Fabric Resource Conditions API (v1), Fabric Resource Loader (v0), Fabric Screen API (v1), Fabric Screen Handler API (v1), Fabric Sound API (v1), Fabric Transfer API (v1), Fabric Transitive Access Wideners (v1), Fabric Loader, Just Enough Items, Journeymap, Mod Menu, Sodium)
[17:08:42] [Render thread/INFO]: Initializing ClientSide Packet Registries
[17:08:42] [Render thread/INFO]: No plugins for JourneyMap API discovered.
[17:08:48] [Render thread/WARN]: Missing sound for event: minecraft:item.goat_horn.play
[17:08:48] [Render thread/WARN]: Missing sound for event: minecraft:entity.goat.screaming.horn_break
[17:08:49] [Render thread/INFO]: OpenAL initialized on device OpenAL Soft on 扬声器 (Realtek(R) Audio)
[17:08:49] [Render thread/INFO]: Sound engine started
[17:08:49] [Render thread/INFO]: Created: 1024x1024x1 minecraft:textures/atlas/blocks.png-atlas
[17:08:50] [Render thread/INFO]: Created: 512x256x1 minecraft:textures/atlas/signs.png-atlas
[17:08:50] [Render thread/INFO]: Created: 1024x512x1 minecraft:textures/atlas/banner_patterns.png-atlas
[17:08:50] [Render thread/INFO]: Created: 1024x512x1 minecraft:textures/atlas/shield_patterns.png-atlas
[17:08:50] [Render thread/INFO]: Created: 256x256x1 minecraft:textures/atlas/chest.png-atlas
[17:08:50] [Render thread/INFO]: Created: 512x256x1 minecraft:textures/atlas/shulker_boxes.png-atlas
[17:08:50] [Render thread/INFO]: Created: 512x256x1 minecraft:textures/atlas/beds.png-atlas
[17:08:51] [Render thread/WARN]: Shader rendertype_entity_translucent_emissive could not find sampler named Sampler2 in the specified shader program.
[17:08:51] [Render thread/INFO]: Created: 512x256x0 minecraft:textures/atlas/particles.png-atlas
[17:08:51] [Render thread/INFO]: Created: 256x256x0 minecraft:textures/atlas/paintings.png-atlas
[17:08:51] [Render thread/INFO]: Created: 256x128x0 minecraft:textures/atlas/mob_effects.png-atlas
[17:08:51] [Render thread/INFO]: Created: 256x256x0 jei:textures/atlas/gui.png-atlas
[17:08:52] [Render thread/INFO]: Connecting to mc.monday-ovo.top, 25565
[17:08:58] [Render thread/INFO]: Started 2 worker threads
[17:08:59] [Render thread/INFO]: Starting JEI...
[17:08:59] [Render thread/INFO]: Registering item subtypes...
[17:08:59] [Render thread/INFO]: Registering item subtypes took 7.844 ms
[17:08:59] [Render thread/INFO]: Registering fluid subtypes...
[17:08:59] [Render thread/INFO]: Registering fluid subtypes took 3.629 ms
[17:08:59] [Render thread/INFO]: Registering ingredients...
[17:08:59] [Render thread/INFO]: Registering ingredients: jei:minecraft took 160.5 milliseconds
[17:08:59] [Render thread/INFO]: Loading config file: E:\mondaysetup\.minecraft\versions\monday模组\config\jei\jei-debug.ini
[17:08:59] [Render thread/INFO]: Registering ingredients took 171.2 ms
[17:08:59] [Render thread/INFO]: Registering categories...
[17:08:59] [Render thread/INFO]: Registering categories: jei:minecraft took 72.13 milliseconds
[17:08:59] [Render thread/INFO]: Registering categories took 77.00 ms
[17:08:59] [Render thread/INFO]: Registering vanilla category extensions...
[17:08:59] [Render thread/INFO]: Registering vanilla category extensions took 6.117 ms
[17:08:59] [Render thread/INFO]: Registering recipe catalysts...
[17:08:59] [Render thread/INFO]: Registering recipe catalysts took 4.129 ms
[17:08:59] [Render thread/INFO]: Registering advanced plugins...
[17:08:59] [Render thread/INFO]: Registering advanced plugins took 854.1 μs
[17:08:59] [Render thread/INFO]: Building recipe registry...
[17:08:59] [Render thread/INFO]: Building recipe registry took 43.53 ms
[17:08:59] [Render thread/INFO]: Registering recipes...
[17:09:00] [Render thread/INFO]: Registering recipes: jei:minecraft took 496.9 milliseconds
[17:09:00] [Render thread/INFO]: Registering recipes took 498.4 ms
[17:09:00] [Render thread/INFO]: Registering recipes transfer handlers...
[17:09:00] [Render thread/INFO]: Registering recipes transfer handlers took 9.063 ms
[17:09:00] [Render thread/INFO]: Building runtime...
[17:09:00] [Render thread/INFO]: Registering gui handlers...
[17:09:00] [Render thread/INFO]: Registering gui handlers: jei:minecraft took 32.86 milliseconds
[17:09:00] [Render thread/INFO]: Registering gui handlers: jei:gui took 23.28 milliseconds
[17:09:00] [Render thread/INFO]: Registering gui handlers took 58.58 ms
[17:09:00] [Render thread/INFO]: Registering Runtime...
[17:09:00] [Render thread/INFO]: Starting JEI GUI
[17:09:00] [Render thread/INFO]: Building ingredient list...
[17:09:00] [Render thread/INFO]: Building ingredient list took 12.46 ms
[17:09:00] [Render thread/INFO]: Building ingredient filter...
[17:09:00] [Render thread/INFO]: Loading config file: E:\mondaysetup\.minecraft\versions\monday模组\config\jei\jei-client.ini
[17:09:00] [Render thread/INFO]: Adding 1340 ingredients
[17:09:00] [Render thread/INFO]: Added 1340 ingredients
[17:09:00] [Render thread/INFO]: Building ingredient filter took 361.7 ms
[17:09:01] [Render thread/INFO]: Registering Runtime: jei:fabric_gui took 599.3 milliseconds
[17:09:01] [Render thread/INFO]: Registering Runtime took 601.4 ms
[17:09:01] [Render thread/INFO]: Building runtime took 727.1 ms
[17:09:01] [Render thread/INFO]: Sending Runtime...
[17:09:01] [Render thread/INFO]: Sending Runtime took 659.6 μs
[17:09:01] [Render thread/INFO]: Starting JEI took 1.727 s
[17:09:02] [Render thread/INFO]: [System] [CHAT] An update for PlaceholderAPI (PlaceholderAPI v2.11.3)
[17:09:02] [Render thread/INFO]: [System] [CHAT] is available at https://www.spigotmc.org/resources/placeholderapi.6245/
[17:09:02] [Render thread/INFO]: [System] [CHAT] dawangfangpi加入了游戏
[17:09:02] [Render thread/INFO]: [System] [CHAT] [Monday] 欢迎回来，已帮你自动登录到此服务器
[17:09:02] [Render thread/INFO]: Loaded 335 advancements
[17:09:02] [Render thread/INFO]: [System] [CHAT] [Monday] 已成功登录！
[17:09:02] [Render thread/INFO]: [System] [CHAT] [ViaVersion] There is a newer plugin version available: 4.6.2, you're on: 4.5.1
[17:09:02] [Render thread/INFO]: [System] [CHAT] §bZMusic §e>>> §r§a正在检查更新...
[17:09:02] [Render thread/INFO]: [System] [CHAT] §bZMusic §e>>> §r§a发现新版本 V2.7.8
[17:09:02] [Render thread/INFO]: [System] [CHAT] §bZMusic §e>>> §r§a更新日志:
[17:09:02] [Render thread/INFO]: [System] [CHAT] §bZMusic §e>>> §r§a1.修复首次加载CookieManager失败导致无法启动插件的问题
[17:09:02] [Render thread/INFO]: [System] [CHAT] §bZMusic §e>>> §r§a下载地址: §e§nhttps://github.com/RealHeart/ZMusic/releases/2.7.8
[17:09:02] [Render thread/INFO]: [System] [CHAT] [好友] Thank you for using BungeeFriends! (v2.4)
[17:09:02] [Render thread/INFO]: [System] [CHAT] [好友] Support the developer: https://www.paypal.me/SimplyRin/5USD
[17:09:03] [Worker-Main-13/INFO]: [STDOUT]: http://textures.minecraft.net/texture/f75315b7a10f19913a90eee3dabd5c07b10c88a29c34ad35876b27ed3a1ac9bb
[17:09:03] [Render thread/INFO]: [System] [CHAT] §eJourneyMap (旅行地图) : §f按下 [§bJ§f]
[17:09:15] [Worker-Main-13/INFO]: [STDOUT]: http://textures.minecraft.net/texture/71c03d10c4b0d6663b08559be113be92a98744165aa6ab533406c3867b212bf3
[17:09:21] [Render thread/INFO]: [System] [CHAT] <dawangfangpi> e
[17:09:44] [Render thread/INFO]: [System] [CHAT] §bZMusic §e>>> §r§a正在搜索中...
[17:09:44] [Render thread/WARN]: Unknown custom packed identifier: allmusic:channel
[17:09:44] [Render thread/WARN]: Unknown custom packed identifier: legacy:audiobuffer
[17:09:44] [Render thread/WARN]: Unknown custom packed identifier: allmusic:channel
[17:09:44] [Render thread/WARN]: Unknown custom packed identifier: allmusic:channel
[17:09:45] [Netty Client IO #0/INFO]: Play music from http://m701.music.126.net/20230527173444/1cdf5e6a57c5027c4e09b872d02d7f75/jdymusic/obj/wo3DlMOGwrbDjj7DisKw/26254015782/9f49/3131/f907/504b9bcf81ee4a236a7f60c593e17f9c.mp3
[17:09:45] [Render thread/WARN]: Unknown custom packed identifier: allmusic:channel
[17:09:45] [Render thread/WARN]: Unknown custom packed identifier: allmusic:channel
[17:09:45] [Render thread/WARN]: Unknown custom packed identifier: legacy:audiobuffer
[17:09:45] [Render thread/INFO]: [System] [CHAT] §bZMusic §e>>> §r§a在网易云音乐播放§r[§e阳光开朗大男孩 - 卦者灵风§r]§a成功,耗时340毫秒!
[17:09:45] [Render thread/WARN]: Unknown custom packed identifier: allmusic:channel
[17:09:45] [Render thread/WARN]: Unknown custom packed identifier: allmusic:channel
[17:09:46] [Render thread/WARN]: Unknown custom packed identifier: allmusic:channel
[17:09:46] [Render thread/WARN]: Unknown custom packed identifier: allmusic:channel
[17:09:47] [Render thread/WARN]: Unknown custom packed identifier: allmusic:channel
[17:09:47] [Render thread/WARN]: Unknown custom packed identifier: allmusic:channel
[17:09:48] [Render thread/WARN]: Unknown custom packed identifier: allmusic:channel
[17:09:49] [Render thread/WARN]: Unknown custom packed identifier: allmusic:channel
[17:09:50] [Render thread/WARN]: Unknown custom packed identifier: allmusic:channel
[17:09:51] [Render thread/WARN]: Unknown custom packed identifier: allmusic:channel
[17:09:52] [Render thread/WARN]: Unknown custom packed identifier: allmusic:channel
[17:09:53] [Render thread/WARN]: Unknown custom packed identifier: allmusic:channel
[17:09:54] [Render thread/WARN]: Unknown custom packed identifier: allmusic:channel
[17:09:55] [Render thread/WARN]: Unknown custom packed identifier: allmusic:channel
[17:09:55] [Render thread/WARN]: Unknown custom packed identifier: allmusic:channel
[17:09:56] [Render thread/WARN]: Unknown custom packed identifier: allmusic:channel
[17:09:57] [Render thread/WARN]: Unknown custom packed identifier: allmusic:channel
[17:09:57] [Worker-Bootstrap-2/INFO]: 4445 Datafixer optimizations took 100961 milliseconds
[17:09:58] [Render thread/WARN]: Unknown custom packed identifier: allmusic:channel
[17:09:59] [Render thread/WARN]: Unknown custom packed identifier: allmusic:channel
[17:09:59] [Render thread/WARN]: Unknown custom packed identifier: allmusic:channel
[17:10:00] [Render thread/WARN]: Unknown custom packed identifier: allmusic:channel
[17:10:01] [Render thread/WARN]: Unknown custom packed identifier: allmusic:channel
[17:10:02] [Render thread/WARN]: Unknown custom packed identifier: allmusic:channel
[17:10:03] [Render thread/WARN]: Unknown custom packed identifier: allmusic:channel
[17:10:04] [Render thread/WARN]: Unknown custom packed identifier: allmusic:channel
[17:10:04] [Render thread/WARN]: Unknown custom packed identifier: allmusic:channel
[17:10:05] [Render thread/WARN]: Unknown custom packed identifier: allmusic:channel
[17:10:06] [Render thread/WARN]: Unknown custom packed identifier: allmusic:channel
[17:10:06] [Render thread/INFO]: [System] [CHAT] §bZMusic §e>>> §r§a§6========= §r[§bZMusic§r] §d帮助 By 真心 §6=========
[17:10:06] [Render thread/INFO]: [System] [CHAT] §bZMusic §e>>> §r§a/zm help - 查看主帮助(当前).
[17:10:06] [Render thread/INFO]: [System] [CHAT] §bZMusic §e>>> §r§a/zm help play - 查看播放帮助.
[17:10:06] [Render thread/INFO]: [System] [CHAT] §bZMusic §e>>> §r§a/zm help music - 查看点歌帮助.
[17:10:06] [Render thread/INFO]: [System] [CHAT] §bZMusic §e>>> §r§a/zm help search - 查看搜索帮助.
[17:10:06] [Render thread/INFO]: [System] [CHAT] §bZMusic §e>>> §r§a/zm help playlist - 查看歌单帮助.
[17:10:06] [Render thread/INFO]: [System] [CHAT] §bZMusic §e>>> §r§a/zm help admin - 查看管理员帮助.
[17:10:06] [Render thread/INFO]: [System] [CHAT] §bZMusic §e>>> §r§a§6=========================================
[17:10:06] [Render thread/INFO]: [System] [CHAT] §bZMusic §e>>> §r§a/zm stop - 停止播放
[17:10:06] [Render thread/INFO]: [System] [CHAT] §bZMusic §e>>> §r§a/zm loop - 开/关循环播放
[17:10:06] [Render thread/INFO]: [System] [CHAT] §bZMusic §e>>> §r§a/zm url [MP3地址] - 播放网络音乐
[17:10:06] [Render thread/INFO]: [System] [CHAT] §bZMusic §e>>> §r§a/zm 163hot [歌名] - 获取网易云音乐热评(前三)
[17:10:06] [Render thread/INFO]: [System] [CHAT] §bZMusic §e>>> §r§a§6=========================================
[17:10:07] [Render thread/WARN]: Unknown custom packed identifier: allmusic:channel
[17:10:08] [Render thread/WARN]: Unknown custom packed identifier: allmusic:channel
[17:10:08] [Render thread/WARN]: Unknown custom packed identifier: allmusic:channel
[17:10:09] [Render thread/WARN]: Unknown custom packed identifier: allmusic:channel
[17:10:10] [Render thread/WARN]: Unknown custom packed identifier: allmusic:channel
[17:10:11] [Render thread/WARN]: Unknown custom packed identifier: allmusic:channel
[17:10:12] [Render thread/WARN]: Unknown custom packed identifier: allmusic:channel
[17:10:12] [Render thread/WARN]: Unknown custom packed identifier: allmusic:channel
[17:10:13] [Render thread/WARN]: Unknown custom packed identifier: allmusic:channel
[17:10:14] [Render thread/WARN]: Unknown custom packed identifier: allmusic:channel
[17:10:15] [Render thread/WARN]: Unknown custom packed identifier: allmusic:channel
[17:10:16] [Render thread/WARN]: Unknown custom packed identifier: allmusic:channel
[17:10:16] [Render thread/WARN]: Unknown custom packed identifier: allmusic:channel
[17:10:17] [Render thread/WARN]: Unknown custom packed identifier: allmusic:channel
[17:10:18] [Render thread/WARN]: Unknown custom packed identifier: allmusic:channel
[17:10:19] [Render thread/WARN]: Unknown custom packed identifier: allmusic:channel
[17:10:20] [Render thread/WARN]: Unknown custom packed identifier: allmusic:channel
[17:10:21] [Render thread/WARN]: Unknown custom packed identifier: allmusic:channel
[17:10:21] [Render thread/WARN]: Unknown custom packed identifier: allmusic:channel
[17:10:22] [Render thread/WARN]: Unknown custom packed identifier: allmusic:channel
[17:10:23] [Render thread/WARN]: Unknown custom packed identifier: allmusic:channel
[17:10:24] [Render thread/WARN]: Unknown custom packed identifier: allmusic:channel
[17:10:25] [Render thread/WARN]: Unknown custom packed identifier: allmusic:channel
[17:10:25] [Render thread/WARN]: Unknown custom packed identifier: allmusic:channel
[17:10:26] [Render thread/WARN]: Unknown custom packed identifier: allmusic:channel
[17:10:27] [Render thread/WARN]: Unknown custom packed identifier: allmusic:channel
[17:10:28] [Render thread/WARN]: Unknown custom packed identifier: allmusic:channel
[17:10:28] [Render thread/WARN]: Unknown custom packed identifier: allmusic:channel
[17:10:29] [Render thread/WARN]: Unknown custom packed identifier: allmusic:channel
[17:10:29] [Render thread/WARN]: Unknown custom packed identifier: allmusic:channel
[17:10:30] [Render thread/WARN]: Unknown custom packed identifier: allmusic:channel
[17:10:31] [Render thread/WARN]: Unknown custom packed identifier: allmusic:channel
[17:10:31] [Render thread/WARN]: Unknown custom packed identifier: allmusic:channel
[17:10:32] [Render thread/WARN]: Unknown custom packed identifier: allmusic:channel
[17:10:33] [Render thread/WARN]: Unknown custom packed identifier: allmusic:channel
[17:10:33] [Render thread/WARN]: Unknown custom packed identifier: allmusic:channel
[17:10:34] [Render thread/WARN]: Unknown custom packed identifier: allmusic:channel
[17:10:35] [Render thread/WARN]: Unknown custom packed identifier: allmusic:channel
[17:10:36] [Render thread/WARN]: Unknown custom packed identifier: allmusic:channel
[17:10:37] [Render thread/WARN]: Unknown custom packed identifier: allmusic:channel
[17:10:38] [Render thread/WARN]: Unknown custom packed identifier: allmusic:channel
[17:10:38] [Render thread/WARN]: Unknown custom packed identifier: allmusic:channel
[17:10:39] [Render thread/WARN]: Unknown custom packed identifier: allmusic:channel
[17:10:40] [Render thread/WARN]: Unknown custom packed identifier: allmusic:channel
[17:10:40] [Render thread/WARN]: Unknown custom packed identifier: allmusic:channel
[17:10:41] [Render thread/WARN]: Unknown custom packed identifier: allmusic:channel
[17:10:42] [Render thread/WARN]: Unknown custom packed identifier: allmusic:channel
[17:10:42] [Render thread/WARN]: Unknown custom packed identifier: allmusic:channel
[17:10:43] [Render thread/WARN]: Unknown custom packed identifier: allmusic:channel
[17:10:44] [Render thread/WARN]: Unknown custom packed identifier: allmusic:channel
[17:10:45] [Render thread/WARN]: Unknown custom packed identifier: allmusic:channel
[17:10:46] [Render thread/WARN]: Unknown custom packed identifier: allmusic:channel
[17:10:47] [Render thread/WARN]: Unknown custom packed identifier: allmusic:channel
[17:10:47] [Render thread/WARN]: Unknown custom packed identifier: allmusic:channel
[17:10:47] [Worker-Main-9/WARN]: Couldn't look up profile properties for com.mojang.authlib.GameProfile@36dfb5d3[id=e7bc8037-37df-3dcb-bc78-f3026d82bce4,name=gdude2002,properties={},legacy=false]
com.mojang.authlib.exceptions.AuthenticationUnavailableException: Cannot contact authentication server
	at com.mojang.authlib.yggdrasil.YggdrasilAuthenticationService.makeRequest(YggdrasilAuthenticationService.java:134) ~[authlib-3.16.29.jar:?]
	at com.mojang.authlib.yggdrasil.YggdrasilAuthenticationService.makeRequest(YggdrasilAuthenticationService.java:106) ~[authlib-3.16.29.jar:?]
	at com.mojang.authlib.yggdrasil.YggdrasilMinecraftSessionService.fillGameProfile(YggdrasilMinecraftSessionService.java:197) ~[authlib-3.16.29.jar:?]
	at com.mojang.authlib.yggdrasil.YggdrasilMinecraftSessionService.fillProfileProperties(YggdrasilMinecraftSessionService.java:175) ~[authlib-3.16.29.jar:?]
	at net.minecraft.class_2631.method_37469(class_2631.java:157) ~[client-intermediary.jar:?]
	at net.minecraft.class_156.method_17974(class_156.java:531) ~[client-intermediary.jar:?]
	at net.minecraft.class_2631.method_37466(class_2631.java:152) ~[client-intermediary.jar:?]
	at java.util.concurrent.ForkJoinTask$RunnableExecuteAction.exec(ForkJoinTask.java:1395) ~[?:?]
	at java.util.concurrent.ForkJoinTask.doExec(ForkJoinTask.java:373) ~[?:?]
	at java.util.concurrent.ForkJoinPool$WorkQueue.topLevelExec(ForkJoinPool.java:1182) ~[?:?]
	at java.util.concurrent.ForkJoinPool.scan(ForkJoinPool.java:1655) ~[?:?]
	at java.util.concurrent.ForkJoinPool.runWorker(ForkJoinPool.java:1622) ~[?:?]
	at java.util.concurrent.ForkJoinWorkerThread.run(ForkJoinWorkerThread.java:165) ~[?:?]
Caused by: java.net.SocketTimeoutException: Read timed out
	at sun.nio.ch.NioSocketImpl.timedRead(NioSocketImpl.java:283) ~[?:?]
	at sun.nio.ch.NioSocketImpl.implRead(NioSocketImpl.java:309) ~[?:?]
	at sun.nio.ch.NioSocketImpl.read(NioSocketImpl.java:350) ~[?:?]
	at sun.nio.ch.NioSocketImpl$1.read(NioSocketImpl.java:803) ~[?:?]
	at java.net.Socket$SocketInputStream.read(Socket.java:966) ~[?:?]
	at java.io.BufferedInputStream.fill(BufferedInputStream.java:244) ~[?:?]
	at java.io.BufferedInputStream.read1(BufferedInputStream.java:284) ~[?:?]
	at java.io.BufferedInputStream.read(BufferedInputStream.java:343) ~[?:?]
	at sun.net.www.http.HttpClient.parseHTTPHeader(HttpClient.java:825) ~[?:?]
	at sun.net.www.http.HttpClient.parseHTTP(HttpClient.java:760) ~[?:?]
	at sun.net.www.protocol.http.HttpURLConnection.getInputStream0(HttpURLConnection.java:1688) ~[?:?]
	at sun.net.www.protocol.http.HttpURLConnection.getInputStream(HttpURLConnection.java:1589) ~[?:?]
	at com.mojang.authlib.HttpAuthenticationService.performGetRequest(HttpAuthenticationService.java:140) ~[authlib-3.16.29.jar:?]
	at com.mojang.authlib.yggdrasil.YggdrasilAuthenticationService.makeRequest(YggdrasilAuthenticationService.java:111) ~[authlib-3.16.29.jar:?]
	... 12 more
[17:10:47] [Worker-Main-10/WARN]: Couldn't look up profile properties for com.mojang.authlib.GameProfile@12123ed9[id=cd59de77-2f50-3df9-a4f8-134e1a64a298,name=sandriell,properties={},legacy=false]
com.mojang.authlib.exceptions.AuthenticationUnavailableException: Cannot contact authentication server
	at com.mojang.authlib.yggdrasil.YggdrasilAuthenticationService.makeRequest(YggdrasilAuthenticationService.java:134) ~[authlib-3.16.29.jar:?]
	at com.mojang.authlib.yggdrasil.YggdrasilAuthenticationService.makeRequest(YggdrasilAuthenticationService.java:106) ~[authlib-3.16.29.jar:?]
	at com.mojang.authlib.yggdrasil.YggdrasilMinecraftSessionService.fillGameProfile(YggdrasilMinecraftSessionService.java:197) ~[authlib-3.16.29.jar:?]
	at com.mojang.authlib.yggdrasil.YggdrasilMinecraftSessionService.fillProfileProperties(YggdrasilMinecraftSessionService.java:175) ~[authlib-3.16.29.jar:?]
	at net.minecraft.class_2631.method_37469(class_2631.java:157) ~[client-intermediary.jar:?]
	at net.minecraft.class_156.method_17974(class_156.java:531) ~[client-intermediary.jar:?]
	at net.minecraft.class_2631.method_37466(class_2631.java:152) ~[client-intermediary.jar:?]
	at java.util.concurrent.ForkJoinTask$RunnableExecuteAction.exec(ForkJoinTask.java:1395) ~[?:?]
	at java.util.concurrent.ForkJoinTask.doExec(ForkJoinTask.java:373) ~[?:?]
	at java.util.concurrent.ForkJoinPool$WorkQueue.topLevelExec(ForkJoinPool.java:1182) ~[?:?]
	at java.util.concurrent.ForkJoinPool.scan(ForkJoinPool.java:1655) ~[?:?]
	at java.util.concurrent.ForkJoinPool.runWorker(ForkJoinPool.java:1622) ~[?:?]
	at java.util.concurrent.ForkJoinWorkerThread.run(ForkJoinWorkerThread.java:165) ~[?:?]
Caused by: com.google.gson.JsonSyntaxException: java.lang.IllegalStateException: Expected BEGIN_OBJECT but was STRING at line 1 column 1 path $
	at com.google.gson.internal.bind.ReflectiveTypeAdapterFactory$Adapter.read(ReflectiveTypeAdapterFactory.java:395) ~[gson-2.10.jar:?]
	at com.google.gson.Gson.fromJson(Gson.java:1214) ~[gson-2.10.jar:?]
	at com.google.gson.Gson.fromJson(Gson.java:1124) ~[gson-2.10.jar:?]
	at com.google.gson.Gson.fromJson(Gson.java:1034) ~[gson-2.10.jar:?]
	at com.google.gson.Gson.fromJson(Gson.java:969) ~[gson-2.10.jar:?]
	at com.mojang.authlib.yggdrasil.YggdrasilAuthenticationService.makeRequest(YggdrasilAuthenticationService.java:112) ~[authlib-3.16.29.jar:?]
	... 12 more
Caused by: java.lang.IllegalStateException: Expected BEGIN_OBJECT but was STRING at line 1 column 1 path $
	at com.google.gson.stream.JsonReader.beginObject(JsonReader.java:393) ~[gson-2.10.jar:?]
	at com.google.gson.internal.bind.ReflectiveTypeAdapterFactory$Adapter.read(ReflectiveTypeAdapterFactory.java:384) ~[gson-2.10.jar:?]
	at com.google.gson.Gson.fromJson(Gson.java:1214) ~[gson-2.10.jar:?]
	at com.google.gson.Gson.fromJson(Gson.java:1124) ~[gson-2.10.jar:?]
	at com.google.gson.Gson.fromJson(Gson.java:1034) ~[gson-2.10.jar:?]
	at com.google.gson.Gson.fromJson(Gson.java:969) ~[gson-2.10.jar:?]
	at com.mojang.authlib.yggdrasil.YggdrasilAuthenticationService.makeRequest(YggdrasilAuthenticationService.java:112) ~[authlib-3.16.29.jar:?]
	... 12 more
[17:10:48] [Render thread/WARN]: Unknown custom packed identifier: allmusic:channel
[17:10:49] [Render thread/WARN]: Unknown custom packed identifier: allmusic:channel
[17:10:49] [Render thread/WARN]: Unknown custom packed identifier: allmusic:channel
[17:10:50] [Render thread/WARN]: Unknown custom packed identifier: allmusic:channel
[17:10:51] [Render thread/WARN]: Unknown custom packed identifier: allmusic:channel
[17:10:51] [Render thread/WARN]: Unknown custom packed identifier: allmusic:channel
[17:10:52] [Render thread/WARN]: Unknown custom packed identifier: allmusic:channel
[17:10:53] [Render thread/WARN]: Unknown custom packed identifier: allmusic:channel
[17:10:54] [Render thread/WARN]: Unknown custom packed identifier: allmusic:channel
[17:10:55] [Render thread/WARN]: Unknown custom packed identifier: allmusic:channel
[17:10:55] [Render thread/WARN]: Unknown custom packed identifier: allmusic:channel
[17:10:56] [Render thread/WARN]: Unknown custom packed identifier: allmusic:channel
[17:10:57] [Render thread/WARN]: Unknown custom packed identifier: allmusic:channel
[17:10:57] [Render thread/WARN]: Unknown custom packed identifier: allmusic:channel
[17:10:58] [Render thread/WARN]: Unknown custom packed identifier: allmusic:channel
[17:10:59] [Render thread/WARN]: Unknown custom packed identifier: allmusic:channel
[17:11:00] [Render thread/WARN]: Unknown custom packed identifier: allmusic:channel
[17:11:00] [Render thread/WARN]: Unknown custom packed identifier: allmusic:channel
[17:11:01] [Render thread/WARN]: Unknown custom packed identifier: allmusic:channel
[17:11:02] [Render thread/WARN]: Unknown custom packed identifier: allmusic:channel
[17:11:02] [Worker-Main-13/WARN]: Couldn't look up profile properties for com.mojang.authlib.GameProfile@13ba1502[id=a4eb5569-bf38-3aef-bc21-2dbd73d30851,name=mysticdrew,properties={},legacy=false]
com.mojang.authlib.exceptions.AuthenticationUnavailableException: Cannot contact authentication server
	at com.mojang.authlib.yggdrasil.YggdrasilAuthenticationService.makeRequest(YggdrasilAuthenticationService.java:134) ~[authlib-3.16.29.jar:?]
	at com.mojang.authlib.yggdrasil.YggdrasilAuthenticationService.makeRequest(YggdrasilAuthenticationService.java:106) ~[authlib-3.16.29.jar:?]
	at com.mojang.authlib.yggdrasil.YggdrasilMinecraftSessionService.fillGameProfile(YggdrasilMinecraftSessionService.java:197) ~[authlib-3.16.29.jar:?]
	at com.mojang.authlib.yggdrasil.YggdrasilMinecraftSessionService.fillProfileProperties(YggdrasilMinecraftSessionService.java:175) ~[authlib-3.16.29.jar:?]
	at net.minecraft.class_2631.method_37469(class_2631.java:157) ~[client-intermediary.jar:?]
	at net.minecraft.class_156.method_17974(class_156.java:531) ~[client-intermediary.jar:?]
	at net.minecraft.class_2631.method_37466(class_2631.java:152) ~[client-intermediary.jar:?]
	at java.util.concurrent.ForkJoinTask$RunnableExecuteAction.exec(ForkJoinTask.java:1395) ~[?:?]
	at java.util.concurrent.ForkJoinTask.doExec(ForkJoinTask.java:373) ~[?:?]
	at java.util.concurrent.ForkJoinPool$WorkQueue.topLevelExec(ForkJoinPool.java:1182) ~[?:?]
	at java.util.concurrent.ForkJoinPool.scan(ForkJoinPool.java:1655) ~[?:?]
	at java.util.concurrent.ForkJoinPool.runWorker(ForkJoinPool.java:1622) ~[?:?]
	at java.util.concurrent.ForkJoinWorkerThread.run(ForkJoinWorkerThread.java:165) ~[?:?]
Caused by: java.net.SocketTimeoutException: Read timed out
	at sun.nio.ch.NioSocketImpl.timedRead(NioSocketImpl.java:283) ~[?:?]
	at sun.nio.ch.NioSocketImpl.implRead(NioSocketImpl.java:309) ~[?:?]
	at sun.nio.ch.NioSocketImpl.read(NioSocketImpl.java:350) ~[?:?]
	at sun.nio.ch.NioSocketImpl$1.read(NioSocketImpl.java:803) ~[?:?]
	at java.net.Socket$SocketInputStream.read(Socket.java:966) ~[?:?]
	at java.io.BufferedInputStream.fill(BufferedInputStream.java:244) ~[?:?]
	at java.io.BufferedInputStream.read1(BufferedInputStream.java:284) ~[?:?]
	at java.io.BufferedInputStream.read(BufferedInputStream.java:343) ~[?:?]
	at sun.net.www.http.HttpClient.parseHTTPHeader(HttpClient.java:825) ~[?:?]
	at sun.net.www.http.HttpClient.parseHTTP(HttpClient.java:760) ~[?:?]
	at sun.net.www.protocol.http.HttpURLConnection.getInputStream0(HttpURLConnection.java:1688) ~[?:?]
	at sun.net.www.protocol.http.HttpURLConnection.getInputStream(HttpURLConnection.java:1589) ~[?:?]
	at com.mojang.authlib.HttpAuthenticationService.performGetRequest(HttpAuthenticationService.java:140) ~[authlib-3.16.29.jar:?]
	at com.mojang.authlib.yggdrasil.YggdrasilAuthenticationService.makeRequest(YggdrasilAuthenticationService.java:111) ~[authlib-3.16.29.jar:?]
	... 12 more
[17:11:02] [Worker-Main-11/WARN]: Couldn't look up profile properties for com.mojang.authlib.GameProfile@5b3a4a2b[id=8a9b9034-72e0-3e09-85bc-86b7053f8158,name=techbrew,properties={},legacy=false]
com.mojang.authlib.exceptions.AuthenticationUnavailableException: Cannot contact authentication server
	at com.mojang.authlib.yggdrasil.YggdrasilAuthenticationService.makeRequest(YggdrasilAuthenticationService.java:134) ~[authlib-3.16.29.jar:?]
	at com.mojang.authlib.yggdrasil.YggdrasilAuthenticationService.makeRequest(YggdrasilAuthenticationService.java:106) ~[authlib-3.16.29.jar:?]
	at com.mojang.authlib.yggdrasil.YggdrasilMinecraftSessionService.fillGameProfile(YggdrasilMinecraftSessionService.java:197) ~[authlib-3.16.29.jar:?]
	at com.mojang.authlib.yggdrasil.YggdrasilMinecraftSessionService.fillProfileProperties(YggdrasilMinecraftSessionService.java:175) ~[authlib-3.16.29.jar:?]
	at net.minecraft.class_2631.method_37469(class_2631.java:157) ~[client-intermediary.jar:?]
	at net.minecraft.class_156.method_17974(class_156.java:531) ~[client-intermediary.jar:?]
	at net.minecraft.class_2631.method_37466(class_2631.java:152) ~[client-intermediary.jar:?]
	at java.util.concurrent.ForkJoinTask$RunnableExecuteAction.exec(ForkJoinTask.java:1395) ~[?:?]
	at java.util.concurrent.ForkJoinTask.doExec(ForkJoinTask.java:373) ~[?:?]
	at java.util.concurrent.ForkJoinPool$WorkQueue.topLevelExec(ForkJoinPool.java:1182) ~[?:?]
	at java.util.concurrent.ForkJoinPool.scan(ForkJoinPool.java:1655) ~[?:?]
	at java.util.concurrent.ForkJoinPool.runWorker(ForkJoinPool.java:1622) ~[?:?]
	at java.util.concurrent.ForkJoinWorkerThread.run(ForkJoinWorkerThread.java:165) ~[?:?]
Caused by: java.net.SocketTimeoutException: Read timed out
	at sun.nio.ch.NioSocketImpl.timedRead(NioSocketImpl.java:283) ~[?:?]
	at sun.nio.ch.NioSocketImpl.implRead(NioSocketImpl.java:309) ~[?:?]
	at sun.nio.ch.NioSocketImpl.read(NioSocketImpl.java:350) ~[?:?]
	at sun.nio.ch.NioSocketImpl$1.read(NioSocketImpl.java:803) ~[?:?]
	at java.net.Socket$SocketInputStream.read(Socket.java:966) ~[?:?]
	at java.io.BufferedInputStream.fill(BufferedInputStream.java:244) ~[?:?]
	at java.io.BufferedInputStream.read1(BufferedInputStream.java:284) ~[?:?]
	at java.io.BufferedInputStream.read(BufferedInputStream.java:343) ~[?:?]
	at sun.net.www.http.HttpClient.parseHTTPHeader(HttpClient.java:825) ~[?:?]
	at sun.net.www.http.HttpClient.parseHTTP(HttpClient.java:760) ~[?:?]
	at sun.net.www.protocol.http.HttpURLConnection.getInputStream0(HttpURLConnection.java:1688) ~[?:?]
	at sun.net.www.protocol.http.HttpURLConnection.getInputStream(HttpURLConnection.java:1589) ~[?:?]
	at com.mojang.authlib.HttpAuthenticationService.performGetRequest(HttpAuthenticationService.java:140) ~[authlib-3.16.29.jar:?]
	at com.mojang.authlib.yggdrasil.YggdrasilAuthenticationService.makeRequest(YggdrasilAuthenticationService.java:111) ~[authlib-3.16.29.jar:?]
	... 12 more
[17:11:03] [Render thread/WARN]: Unknown custom packed identifier: allmusic:channel
[17:11:04] [Render thread/WARN]: Unknown custom packed identifier: allmusic:channel
[17:11:04] [Render thread/WARN]: Unknown custom packed identifier: allmusic:channel
[17:11:05] [Render thread/WARN]: Unknown custom packed identifier: allmusic:channel
[17:11:06] [Render thread/WARN]: Unknown custom packed identifier: allmusic:channel
[17:11:07] [Render thread/WARN]: Unknown custom packed identifier: allmusic:channel
[17:11:08] [Render thread/WARN]: Unknown custom packed identifier: allmusic:channel
[17:11:08] [Render thread/WARN]: Unknown custom packed identifier: allmusic:channel
[17:11:09] [Render thread/WARN]: Unknown custom packed identifier: allmusic:channel
[17:11:10] [Render thread/WARN]: Unknown custom packed identifier: allmusic:channel
[17:11:11] [Render thread/WARN]: Unknown custom packed identifier: allmusic:channel
[17:11:12] [Render thread/WARN]: Unknown custom packed identifier: allmusic:channel
[17:11:13] [Render thread/WARN]: Unknown custom packed identifier: allmusic:channel
[17:11:13] [Render thread/WARN]: Unknown custom packed identifier: allmusic:channel
[17:11:14] [Render thread/WARN]: Unknown custom packed identifier: allmusic:channel
[17:11:15] [Render thread/WARN]: Unknown custom packed identifier: allmusic:channel
[17:11:16] [Render thread/WARN]: Unknown custom packed identifier: allmusic:channel
[17:11:17] [Render thread/WARN]: Unknown custom packed identifier: allmusic:channel
[17:11:17] [Render thread/WARN]: Unknown custom packed identifier: allmusic:channel
[17:11:18] [Render thread/WARN]: Unknown custom packed identifier: allmusic:channel
[17:11:19] [Render thread/WARN]: Unknown custom packed identifier: allmusic:channel
[17:11:20] [Render thread/WARN]: Unknown custom packed identifier: allmusic:channel
[17:11:21] [Render thread/WARN]: Unknown custom packed identifier: allmusic:channel
[17:11:21] [Render thread/WARN]: Unknown custom packed identifier: allmusic:channel
[17:11:22] [Render thread/WARN]: Unknown custom packed identifier: allmusic:channel
[17:11:23] [Render thread/WARN]: Unknown custom packed identifier: allmusic:channel
[17:11:24] [Render thread/WARN]: Unknown custom packed identifier: allmusic:channel
[17:11:25] [Render thread/WARN]: Unknown custom packed identifier: allmusic:channel
[17:11:25] [Render thread/WARN]: Unknown custom packed identifier: allmusic:channel
[17:11:26] [Render thread/WARN]: Unknown custom packed identifier: allmusic:channel
[17:11:27] [Render thread/WARN]: Unknown custom packed identifier: allmusic:channel
[17:11:28] [Render thread/WARN]: Unknown custom packed identifier: allmusic:channel
[17:11:29] [Render thread/WARN]: Unknown custom packed identifier: allmusic:channel
[17:11:30] [Render thread/WARN]: Unknown custom packed identifier: allmusic:channel
[17:11:30] [Render thread/WARN]: Unknown custom packed identifier: allmusic:channel
[17:11:31] [Render thread/WARN]: Unknown custom packed identifier: allmusic:channel
[17:11:32] [Render thread/WARN]: Unknown custom packed identifier: allmusic:channel
[17:11:33] [Render thread/WARN]: Unknown custom packed identifier: allmusic:channel
[17:11:34] [Render thread/WARN]: Unknown custom packed identifier: allmusic:channel
[17:11:35] [Render thread/WARN]: Unknown custom packed identifier: allmusic:channel
[17:11:35] [Render thread/WARN]: Unknown custom packed identifier: allmusic:channel
[17:11:36] [Render thread/WARN]: Unknown custom packed identifier: allmusic:channel
[17:11:37] [Render thread/WARN]: Unknown custom packed identifier: allmusic:channel
[17:11:38] [Render thread/WARN]: Unknown custom packed identifier: allmusic:channel
[17:11:38] [Render thread/WARN]: Unknown custom packed identifier: allmusic:channel
[17:11:39] [Render thread/WARN]: Unknown custom packed identifier: allmusic:channel
[17:11:39] [Render thread/WARN]: Unknown custom packed identifier: allmusic:channel
[17:11:40] [Render thread/WARN]: Unknown custom packed identifier: allmusic:channel
[17:11:41] [Render thread/WARN]: Unknown custom packed identifier: allmusic:channel
[17:11:41] [Render thread/WARN]: Unknown custom packed identifier: allmusic:channel
[17:11:42] [Render thread/WARN]: Unknown custom packed identifier: allmusic:channel
[17:11:43] [Render thread/WARN]: Unknown custom packed identifier: allmusic:channel
[17:11:43] [Render thread/WARN]: Unknown custom packed identifier: allmusic:channel
[17:11:44] [Render thread/WARN]: Unknown custom packed identifier: allmusic:channel
[17:11:45] [Render thread/WARN]: Unknown custom packed identifier: allmusic:channel
[17:11:46] [Render thread/WARN]: Unknown custom packed identifier: allmusic:channel
[17:11:47] [Render thread/WARN]: Unknown custom packed identifier: allmusic:channel
[17:11:48] [Render thread/WARN]: Unknown custom packed identifier: allmusic:channel
[17:11:48] [Render thread/WARN]: Unknown custom packed identifier: allmusic:channel
[17:11:49] [Render thread/WARN]: Unknown custom packed identifier: allmusic:channel
[17:11:50] [Render thread/WARN]: Unknown custom packed identifier: allmusic:channel
[17:11:50] [Render thread/WARN]: Unknown custom packed identifier: allmusic:channel
[17:11:51] [Render thread/WARN]: Unknown custom packed identifier: allmusic:channel
[17:11:52] [Render thread/WARN]: Unknown custom packed identifier: allmusic:channel
[17:11:52] [Render thread/WARN]: Unknown custom packed identifier: allmusic:channel
[17:11:53] [Render thread/WARN]: Unknown custom packed identifier: allmusic:channel
[17:11:54] [Render thread/WARN]: Unknown custom packed identifier: allmusic:channel
[17:11:55] [Render thread/WARN]: Unknown custom packed identifier: allmusic:channel
[17:11:56] [Render thread/WARN]: Unknown custom packed identifier: allmusic:channel
[17:11:56] [Render thread/WARN]: Unknown custom packed identifier: allmusic:channel
[17:11:57] [Render thread/WARN]: Unknown custom packed identifier: allmusic:channel
[17:11:58] [Render thread/WARN]: Unknown custom packed identifier: allmusic:channel
[17:11:59] [Render thread/WARN]: Unknown custom packed identifier: allmusic:channel
[17:11:59] [Render thread/WARN]: Unknown custom packed identifier: allmusic:channel
[17:12:00] [Render thread/WARN]: Unknown custom packed identifier: allmusic:channel
[17:12:01] [Render thread/WARN]: Unknown custom packed identifier: allmusic:channel
[17:12:01] [Render thread/WARN]: Unknown custom packed identifier: allmusic:channel
[17:12:02] [Render thread/WARN]: Unknown custom packed identifier: allmusic:channel
[17:12:03] [Render thread/WARN]: Unknown custom packed identifier: allmusic:channel
[17:12:04] [Render thread/WARN]: Unknown custom packed identifier: allmusic:channel
[17:12:05] [Render thread/WARN]: Unknown custom packed identifier: allmusic:channel
[17:12:05] [Render thread/WARN]: Unknown custom packed identifier: allmusic:channel
[17:12:06] [Render thread/WARN]: Unknown custom packed identifier: allmusic:channel
[17:12:07] [Render thread/WARN]: Unknown custom packed identifier: allmusic:channel
[17:12:07] [Render thread/WARN]: Unknown custom packed identifier: allmusic:channel
[17:12:08] [Render thread/WARN]: Unknown custom packed identifier: allmusic:channel
[17:12:09] [Render thread/WARN]: Unknown custom packed identifier: allmusic:channel
[17:12:09] [Render thread/WARN]: Unknown custom packed identifier: allmusic:channel
[17:12:10] [Render thread/WARN]: Unknown custom packed identifier: allmusic:channel
[17:12:11] [Render thread/WARN]: Unknown custom packed identifier: allmusic:channel
[17:12:12] [Render thread/WARN]: Unknown custom packed identifier: allmusic:channel
[17:12:13] [Render thread/WARN]: Unknown custom packed identifier: allmusic:channel
[17:12:14] [Render thread/WARN]: Unknown custom packed identifier: allmusic:channel
[17:12:14] [Render thread/WARN]: Unknown custom packed identifier: allmusic:channel
[17:12:15] [Render thread/WARN]: Unknown custom packed identifier: allmusic:channel
[17:12:16] [Render thread/WARN]: Unknown custom packed identifier: allmusic:channel
[17:12:17] [Render thread/WARN]: Unknown custom packed identifier: allmusic:channel
[17:12:18] [Render thread/WARN]: Unknown custom packed identifier: allmusic:channel
[17:12:18] [Render thread/WARN]: Unknown custom packed identifier: allmusic:channel
[17:12:19] [Render thread/WARN]: Unknown custom packed identifier: allmusic:channel
[17:12:20] [Render thread/WARN]: Unknown custom packed identifier: allmusic:channel
[17:12:21] [Render thread/WARN]: Unknown custom packed identifier: allmusic:channel
[17:12:22] [Render thread/WARN]: Unknown custom packed identifier: allmusic:channel
[17:12:23] [Render thread/WARN]: Unknown custom packed identifier: allmusic:channel
[17:12:23] [Render thread/WARN]: Unknown custom packed identifier: allmusic:channel
[17:12:24] [Render thread/WARN]: Unknown custom packed identifier: allmusic:channel
[17:12:25] [Render thread/WARN]: Unknown custom packed identifier: allmusic:channel
[17:12:26] [Render thread/WARN]: Unknown custom packed identifier: allmusic:channel
[17:12:27] [Render thread/WARN]: Unknown custom packed identifier: allmusic:channel
[17:12:27] [Render thread/WARN]: Unknown custom packed identifier: allmusic:channel
[17:12:28] [Render thread/WARN]: Unknown custom packed identifier: allmusic:channel
[17:12:29] [Render thread/WARN]: Unknown custom packed identifier: allmusic:channel
[17:12:30] [Render thread/WARN]: Unknown custom packed identifier: allmusic:channel
[17:12:31] [Render thread/WARN]: Unknown custom packed identifier: allmusic:channel
[17:12:31] [Render thread/WARN]: Unknown custom packed identifier: allmusic:channel
[17:12:32] [Render thread/WARN]: Unknown custom packed identifier: allmusic:channel
[17:12:33] [Render thread/WARN]: Unknown custom packed identifier: allmusic:channel
[17:12:34] [Render thread/WARN]: Unknown custom packed identifier: allmusic:channel
[17:12:34] [Render thread/WARN]: Unknown custom packed identifier: allmusic:channel
[17:12:35] [Render thread/WARN]: Unknown custom packed identifier: allmusic:channel
[17:12:35] [Render thread/WARN]: Unknown custom packed identifier: allmusic:channel
[17:12:36] [Render thread/WARN]: Unknown custom packed identifier: allmusic:channel
[17:12:37] [Render thread/WARN]: Unknown custom packed identifier: allmusic:channel
[17:12:38] [Render thread/WARN]: Unknown custom packed identifier: allmusic:channel
[17:12:39] [Render thread/WARN]: Unknown custom packed identifier: allmusic:channel
[17:12:40] [Render thread/WARN]: Unknown custom packed identifier: allmusic:channel
[17:12:40] [Render thread/WARN]: Unknown custom packed identifier: allmusic:channel
[17:12:41] [Render thread/WARN]: Unknown custom packed identifier: allmusic:channel
[17:12:42] [Render thread/WARN]: Unknown custom packed identifier: allmusic:channel
[17:12:42] [Render thread/WARN]: Unknown custom packed identifier: allmusic:channel
[17:12:43] [Render thread/WARN]: Unknown custom packed identifier: allmusic:channel
[17:12:44] [Render thread/WARN]: Unknown custom packed identifier: allmusic:channel
[17:12:44] [Render thread/WARN]: Unknown custom packed identifier: allmusic:channel
[17:12:45] [Render thread/WARN]: Unknown custom packed identifier: allmusic:channel
[17:12:46] [Render thread/WARN]: Unknown custom packed identifier: allmusic:channel
[17:12:47] [Render thread/WARN]: Unknown custom packed identifier: allmusic:channel
[17:12:48] [Render thread/WARN]: Unknown custom packed identifier: allmusic:channel
[17:12:49] [Render thread/WARN]: Unknown custom packed identifier: allmusic:channel
[17:12:49] [Render thread/WARN]: Unknown custom packed identifier: allmusic:channel
[17:12:50] [Render thread/WARN]: Unknown custom packed identifier: allmusic:channel
[17:12:51] [Render thread/WARN]: Unknown custom packed identifier: allmusic:channel
[17:12:51] [Render thread/WARN]: Unknown custom packed identifier: allmusic:channel
[17:12:52] [Render thread/WARN]: Unknown custom packed identifier: allmusic:channel
[17:12:53] [Render thread/WARN]: Unknown custom packed identifier: allmusic:channel
[17:12:53] [Render thread/WARN]: Unknown custom packed identifier: allmusic:channel
[17:12:54] [Render thread/WARN]: Unknown custom packed identifier: allmusic:channel
[17:12:55] [Render thread/WARN]: Unknown custom packed identifier: allmusic:channel
[17:12:56] [Render thread/WARN]: Unknown custom packed identifier: allmusic:channel
[17:12:57] [Render thread/WARN]: Unknown custom packed identifier: allmusic:channel
[17:12:57] [Render thread/WARN]: Unknown custom packed identifier: allmusic:channel
[17:12:58] [Render thread/WARN]: Unknown custom packed identifier: allmusic:channel
[17:12:59] [Render thread/WARN]: Unknown custom packed identifier: allmusic:channel
[17:13:00] [Render thread/INFO]: Loading config file: E:\mondaysetup\.minecraft\versions\monday模组\config\jei\jei-mod-id-format.ini
[17:13:00] [Render thread/WARN]: Unknown custom packed identifier: allmusic:channel
[17:13:00] [Render thread/WARN]: Unknown custom packed identifier: allmusic:channel
[17:13:01] [Render thread/WARN]: Unknown custom packed identifier: allmusic:channel
[17:13:02] [Render thread/WARN]: Unknown custom packed identifier: allmusic:channel
[17:13:02] [Render thread/WARN]: Unknown custom packed identifier: allmusic:channel
[17:13:03] [Render thread/WARN]: Unknown custom packed identifier: allmusic:channel
[17:13:04] [Render thread/WARN]: Unknown custom packed identifier: allmusic:channel
[17:13:05] [Render thread/WARN]: Unknown custom packed identifier: allmusic:channel
[17:13:05] [Render thread/WARN]: Unknown custom packed identifier: allmusic:channel
[17:13:06] [Render thread/WARN]: Unknown custom packed identifier: allmusic:channel
[17:13:07] [Render thread/WARN]: Unknown custom packed identifier: allmusic:channel
[17:13:08] [Render thread/WARN]: Unknown custom packed identifier: allmusic:channel
[17:13:08] [Render thread/WARN]: Unknown custom packed identifier: allmusic:channel
[17:13:09] [Render thread/WARN]: Unknown custom packed identifier: allmusic:channel
[17:13:10] [Render thread/WARN]: Unknown custom packed identifier: allmusic:channel
[17:13:11] [Render thread/WARN]: Unknown custom packed identifier: allmusic:channel
[17:13:11] [Render thread/WARN]: Unknown custom packed identifier: allmusic:channel
[17:13:12] [Render thread/WARN]: Unknown custom packed identifier: allmusic:channel
[17:13:12] [Render thread/WARN]: Unknown custom packed identifier: allmusic:channel
[17:13:12] [Render thread/WARN]: Unknown custom packed identifier: legacy:audiobuffer
[17:13:12] [Render thread/WARN]: Unknown custom packed identifier: allmusic:channel
[17:13:12] [Render thread/WARN]: Unknown custom packed identifier: allmusic:channel
[17:13:12] [Render thread/WARN]: Unknown custom packed identifier: allmusic:channel
[17:13:12] [Render thread/WARN]: Unknown custom packed identifier: allmusic:channel
[17:13:12] [Render thread/WARN]: Unknown custom packed identifier: allmusic:channel
[17:13:12] [Render thread/WARN]: Unknown custom packed identifier: legacy:audiobuffer
[17:13:12] [Render thread/WARN]: Unknown custom packed identifier: allmusic:channel
[17:13:12] [Render thread/WARN]: Unknown custom packed identifier: allmusic:channel
[17:15:04] [Render thread/INFO]: [System] [CHAT] docs.monday-ovo.top/ly
[17:43:16] [Render thread/INFO]: Stopping JEI
[17:43:16] [Render thread/INFO]: Stopping JEI
[17:43:16] [Render thread/INFO]: Sending Runtime Unavailable...
[17:43:16] [Render thread/INFO]: Stopping JEI GUI
[17:43:16] [Render thread/INFO]: Sending Runtime Unavailable took 3.104 ms
[17:43:16] [Render thread/INFO]: Stopping worker threads
[18:06:07] [Server Pinger #1/ERROR]: Can't ping mc2.monday-ovo.top: 未知的主机
[18:06:07] [MCO Compatability Checker #1/INFO]: Could not authorize you against Realms server: Invalid session id
[18:06:07] [MCO Compatability Checker #1/ERROR]: Couldn't connect to realms
net.minecraft.class_4355: Invalid session id
	at net.minecraft.class_4341.method_20998(class_4341.java:427) ~[client-intermediary.jar:?]
	at net.minecraft.class_4341.method_21027(class_4341.java:207) ~[client-intermediary.jar:?]
	at net.minecraft.class_4325$1.run(class_4325.java:542) ~[client-intermediary.jar:?]
[18:06:09] [Server Pinger #1/ERROR]: Can't ping mc2.monday-ovo.top: 未知的主机
[18:06:12] [Render thread/INFO]: Stopping!
