Logging started at 2023-05-27T09:07:57.770794600Z
[authlib-injector] [INFO] Version: 1.2.2
[authlib-injector] [INFO] Authentication server: https://littleskin.cn/api/yggdrasil/
[authlib-injector] [INFO] Transformed [net.minecraft.client.main.Main] with [Main Arguments Transformer]
[authlib-injector] [INFO] Transformed [com.mojang.authlib.properties.Property] with [Yggdrasil Public Key Transformer]
[authlib-injector] [INFO] Httpd is running on port 2740
[authlib-injector] [INFO] Transformed [net.minecraft.class_742] with [Constant URL Transformer]
[authlib-injector] [INFO] Transformed [com.mojang.authlib.HttpAuthenticationService] with [ConcatenateURL Workaround]
[authlib-injector] [INFO] Transformed [com.mojang.authlib.yggdrasil.YggdrasilEnvironment] with [Constant URL Transformer]
[authlib-injector] [INFO] Transformed [com.mojang.authlib.yggdrasil.YggdrasilServicesKeyInfo] with [Yggdrasil Public Key Transformer]
[authlib-injector] [INFO] Transformed [com.mojang.authlib.yggdrasil.YggdrasilMinecraftSessionService] with [Texture Whitelist Transformer]
[authlib-injector] [INFO] Transformed [net.minecraft.class_3248] with [Username Character Check Transformer]
[authlib-injector] [INFO] Transformed [com.mojang.patchy.MojangBlockListSupplier] with [Constant URL Transformer]
[authlib-injector] [INFO] Transformed [journeymap.client.texture.IgnSkin] with [Constant URL Transformer]
[authlib-injector] [WARNING] An error occurred while processing request [/https/api.mojang.com/profiles/minecraft]
java.io.UncheckedIOException: java.io.IOException: Server returned HTTP response code: 502 for URL: https://littleskin.cn/api/yggdrasil/api/profiles/minecraft
	at moe.yushi.authlibinjector.yggdrasil.YggdrasilClient.queryUUIDs(YggdrasilClient.java:65)
	at moe.yushi.authlibinjector.httpd.QueryUUIDsFilter.performQuery(QueryUUIDsFilter.java:81)
	at moe.yushi.authlibinjector.httpd.QueryUUIDsFilter.handle(QueryUUIDsFilter.java:62)
	at moe.yushi.authlibinjector.httpd.URLProcessor$1.serve(URLProcessor.java:142)
	at moe.yushi.authlibinjector.internal.fi.iki.elonen.HTTPSession.execute(HTTPSession.java:246)
	at moe.yushi.authlibinjector.internal.fi.iki.elonen.NanoHTTPD$ClientHandler.run(NanoHTTPD.java:104)
	at java.base/java.lang.Thread.run(Thread.java:833)
Caused by: java.io.IOException: Server returned HTTP response code: 502 for URL: https://littleskin.cn/api/yggdrasil/api/profiles/minecraft
	at java.base/sun.net.www.protocol.http.HttpURLConnection.getInputStream0(HttpURLConnection.java:1997)
	at java.base/sun.net.www.protocol.http.HttpURLConnection.getInputStream(HttpURLConnection.java:1589)
	at java.base/sun.net.www.protocol.https.HttpsURLConnectionImpl.getInputStream(HttpsURLConnectionImpl.java:224)
	at moe.yushi.authlibinjector.util.IOUtils.http(IOUtils.java:66)
	at moe.yushi.authlibinjector.yggdrasil.YggdrasilClient.queryUUIDs(YggdrasilClient.java:61)
	... 6 more

[authlib-injector] [WARNING] An error occurred while processing request [/https/api.mojang.com/profiles/minecraft]
java.io.UncheckedIOException: java.io.IOException: Server returned HTTP response code: 502 for URL: https://littleskin.cn/api/yggdrasil/api/profiles/minecraft
	at moe.yushi.authlibinjector.yggdrasil.YggdrasilClient.queryUUIDs(YggdrasilClient.java:65)
	at moe.yushi.authlibinjector.httpd.QueryUUIDsFilter.performQuery(QueryUUIDsFilter.java:81)
	at moe.yushi.authlibinjector.httpd.QueryUUIDsFilter.handle(QueryUUIDsFilter.java:62)
	at moe.yushi.authlibinjector.httpd.URLProcessor$1.serve(URLProcessor.java:142)
	at moe.yushi.authlibinjector.internal.fi.iki.elonen.HTTPSession.execute(HTTPSession.java:246)
	at moe.yushi.authlibinjector.internal.fi.iki.elonen.NanoHTTPD$ClientHandler.run(NanoHTTPD.java:104)
	at java.base/java.lang.Thread.run(Thread.java:833)
Caused by: java.io.IOException: Server returned HTTP response code: 502 for URL: https://littleskin.cn/api/yggdrasil/api/profiles/minecraft
	at java.base/sun.net.www.protocol.http.HttpURLConnection.getInputStream0(HttpURLConnection.java:1997)
	at java.base/sun.net.www.protocol.http.HttpURLConnection.getInputStream(HttpURLConnection.java:1589)
	at java.base/sun.net.www.protocol.https.HttpsURLConnectionImpl.getInputStream(HttpsURLConnectionImpl.java:224)
	at moe.yushi.authlibinjector.util.IOUtils.http(IOUtils.java:66)
	at moe.yushi.authlibinjector.yggdrasil.YggdrasilClient.queryUUIDs(YggdrasilClient.java:61)
	... 6 more

[authlib-injector] [WARNING] An error occurred while processing request [/https/api.mojang.com/profiles/minecraft]
java.io.UncheckedIOException: java.io.IOException: Server returned HTTP response code: 502 for URL: https://littleskin.cn/api/yggdrasil/api/profiles/minecraft
	at moe.yushi.authlibinjector.yggdrasil.YggdrasilClient.queryUUIDs(YggdrasilClient.java:65)
	at moe.yushi.authlibinjector.httpd.QueryUUIDsFilter.performQuery(QueryUUIDsFilter.java:81)
	at moe.yushi.authlibinjector.httpd.QueryUUIDsFilter.handle(QueryUUIDsFilter.java:62)
	at moe.yushi.authlibinjector.httpd.URLProcessor$1.serve(URLProcessor.java:142)
	at moe.yushi.authlibinjector.internal.fi.iki.elonen.HTTPSession.execute(HTTPSession.java:246)
	at moe.yushi.authlibinjector.internal.fi.iki.elonen.NanoHTTPD$ClientHandler.run(NanoHTTPD.java:104)
	at java.base/java.lang.Thread.run(Thread.java:833)
Caused by: java.io.IOException: Server returned HTTP response code: 502 for URL: https://littleskin.cn/api/yggdrasil/api/profiles/minecraft
	at java.base/sun.net.www.protocol.http.HttpURLConnection.getInputStream0(HttpURLConnection.java:1997)
	at java.base/sun.net.www.protocol.http.HttpURLConnection.getInputStream(HttpURLConnection.java:1589)
	at java.base/sun.net.www.protocol.https.HttpsURLConnectionImpl.getInputStream(HttpsURLConnectionImpl.java:224)
	at moe.yushi.authlibinjector.util.IOUtils.http(IOUtils.java:66)
	at moe.yushi.authlibinjector.yggdrasil.YggdrasilClient.queryUUIDs(YggdrasilClient.java:61)
	... 6 more

[authlib-injector] [WARNING] An error occurred while processing request [/https/api.mojang.com/profiles/minecraft]
java.io.UncheckedIOException: java.io.IOException: Server returned HTTP response code: 502 for URL: https://littleskin.cn/api/yggdrasil/api/profiles/minecraft
	at moe.yushi.authlibinjector.yggdrasil.YggdrasilClient.queryUUIDs(YggdrasilClient.java:65)
	at moe.yushi.authlibinjector.httpd.QueryUUIDsFilter.performQuery(QueryUUIDsFilter.java:81)
	at moe.yushi.authlibinjector.httpd.QueryUUIDsFilter.handle(QueryUUIDsFilter.java:62)
	at moe.yushi.authlibinjector.httpd.URLProcessor$1.serve(URLProcessor.java:142)
	at moe.yushi.authlibinjector.internal.fi.iki.elonen.HTTPSession.execute(HTTPSession.java:246)
	at moe.yushi.authlibinjector.internal.fi.iki.elonen.NanoHTTPD$ClientHandler.run(NanoHTTPD.java:104)
	at java.base/java.lang.Thread.run(Thread.java:833)
Caused by: java.io.IOException: Server returned HTTP response code: 502 for URL: https://littleskin.cn/api/yggdrasil/api/profiles/minecraft
	at java.base/sun.net.www.protocol.http.HttpURLConnection.getInputStream0(HttpURLConnection.java:1997)
	at java.base/sun.net.www.protocol.http.HttpURLConnection.getInputStream(HttpURLConnection.java:1589)
	at java.base/sun.net.www.protocol.https.HttpsURLConnectionImpl.getInputStream(HttpsURLConnectionImpl.java:224)
	at moe.yushi.authlibinjector.util.IOUtils.http(IOUtils.java:66)
	at moe.yushi.authlibinjector.yggdrasil.YggdrasilClient.queryUUIDs(YggdrasilClient.java:61)
	... 6 more

[authlib-injector] [WARNING] An error occurred while processing request [/https/api.mojang.com/profiles/minecraft]
java.io.UncheckedIOException: java.io.IOException: Server returned HTTP response code: 502 for URL: https://littleskin.cn/api/yggdrasil/api/profiles/minecraft
	at moe.yushi.authlibinjector.yggdrasil.YggdrasilClient.queryUUIDs(YggdrasilClient.java:65)
	at moe.yushi.authlibinjector.httpd.QueryUUIDsFilter.performQuery(QueryUUIDsFilter.java:81)
	at moe.yushi.authlibinjector.httpd.QueryUUIDsFilter.handle(QueryUUIDsFilter.java:62)
	at moe.yushi.authlibinjector.httpd.URLProcessor$1.serve(URLProcessor.java:142)
	at moe.yushi.authlibinjector.internal.fi.iki.elonen.HTTPSession.execute(HTTPSession.java:246)
	at moe.yushi.authlibinjector.internal.fi.iki.elonen.NanoHTTPD$ClientHandler.run(NanoHTTPD.java:104)
	at java.base/java.lang.Thread.run(Thread.java:833)
Caused by: java.io.IOException: Server returned HTTP response code: 502 for URL: https://littleskin.cn/api/yggdrasil/api/profiles/minecraft
	at java.base/sun.net.www.protocol.http.HttpURLConnection.getInputStream0(HttpURLConnection.java:1997)
	at java.base/sun.net.www.protocol.http.HttpURLConnection.getInputStream(HttpURLConnection.java:1589)
	at java.base/sun.net.www.protocol.https.HttpsURLConnectionImpl.getInputStream(HttpsURLConnectionImpl.java:224)
	at moe.yushi.authlibinjector.util.IOUtils.http(IOUtils.java:66)
	at moe.yushi.authlibinjector.yggdrasil.YggdrasilClient.queryUUIDs(YggdrasilClient.java:61)
	... 6 more

[authlib-injector] [WARNING] An error occurred while processing request [/https/api.mojang.com/profiles/minecraft]
java.io.UncheckedIOException: java.io.FileNotFoundException: https://littleskin.cn/api/yggdrasil/api/profiles/minecraft
	at moe.yushi.authlibinjector.yggdrasil.YggdrasilClient.queryUUIDs(YggdrasilClient.java:65)
	at moe.yushi.authlibinjector.httpd.QueryUUIDsFilter.performQuery(QueryUUIDsFilter.java:81)
	at moe.yushi.authlibinjector.httpd.QueryUUIDsFilter.handle(QueryUUIDsFilter.java:62)
	at moe.yushi.authlibinjector.httpd.URLProcessor$1.serve(URLProcessor.java:142)
	at moe.yushi.authlibinjector.internal.fi.iki.elonen.HTTPSession.execute(HTTPSession.java:246)
	at moe.yushi.authlibinjector.internal.fi.iki.elonen.NanoHTTPD$ClientHandler.run(NanoHTTPD.java:104)
	at java.base/java.lang.Thread.run(Thread.java:833)
Caused by: java.io.FileNotFoundException: https://littleskin.cn/api/yggdrasil/api/profiles/minecraft
	at java.base/sun.net.www.protocol.http.HttpURLConnection.getInputStream0(HttpURLConnection.java:1993)
	at java.base/sun.net.www.protocol.http.HttpURLConnection.getInputStream(HttpURLConnection.java:1589)
	at java.base/sun.net.www.protocol.https.HttpsURLConnectionImpl.getInputStream(HttpsURLConnectionImpl.java:224)
	at moe.yushi.authlibinjector.util.IOUtils.http(IOUtils.java:66)
	at moe.yushi.authlibinjector.yggdrasil.YggdrasilClient.queryUUIDs(YggdrasilClient.java:61)
	... 6 more

[authlib-injector] [ERROR] Could not send response to the client
java.net.SocketException: 你的主机中的软件中止了一个已建立的连接。
	at java.base/sun.nio.ch.NioSocketImpl.implWrite(NioSocketImpl.java:420)
	at java.base/sun.nio.ch.NioSocketImpl.write(NioSocketImpl.java:440)
	at java.base/sun.nio.ch.NioSocketImpl$2.write(NioSocketImpl.java:826)
	at java.base/java.net.Socket$SocketOutputStream.write(Socket.java:1035)
	at moe.yushi.authlibinjector.internal.fi.iki.elonen.Response.sendBody(Response.java:257)
	at moe.yushi.authlibinjector.internal.fi.iki.elonen.Response.sendBodyWithCorrectTransferAndEncoding(Response.java:230)
	at moe.yushi.authlibinjector.internal.fi.iki.elonen.Response.send(Response.java:195)
	at moe.yushi.authlibinjector.internal.fi.iki.elonen.HTTPSession.execute(HTTPSession.java:266)
	at moe.yushi.authlibinjector.internal.fi.iki.elonen.NanoHTTPD$ClientHandler.run(NanoHTTPD.java:104)
	at java.base/java.lang.Thread.run(Thread.java:833)

[authlib-injector] [WARNING] An error occurred while processing request [/https/api.mojang.com/profiles/minecraft]
java.io.UncheckedIOException: java.io.FileNotFoundException: https://littleskin.cn/api/yggdrasil/api/profiles/minecraft
	at moe.yushi.authlibinjector.yggdrasil.YggdrasilClient.queryUUIDs(YggdrasilClient.java:65)
	at moe.yushi.authlibinjector.httpd.QueryUUIDsFilter.performQuery(QueryUUIDsFilter.java:81)
	at moe.yushi.authlibinjector.httpd.QueryUUIDsFilter.handle(QueryUUIDsFilter.java:62)
	at moe.yushi.authlibinjector.httpd.URLProcessor$1.serve(URLProcessor.java:142)
	at moe.yushi.authlibinjector.internal.fi.iki.elonen.HTTPSession.execute(HTTPSession.java:246)
	at moe.yushi.authlibinjector.internal.fi.iki.elonen.NanoHTTPD$ClientHandler.run(NanoHTTPD.java:104)
	at java.base/java.lang.Thread.run(Thread.java:833)
Caused by: java.io.FileNotFoundException: https://littleskin.cn/api/yggdrasil/api/profiles/minecraft
	at java.base/sun.net.www.protocol.http.HttpURLConnection.getInputStream0(HttpURLConnection.java:1993)
	at java.base/sun.net.www.protocol.http.HttpURLConnection.getInputStream(HttpURLConnection.java:1589)
	at java.base/sun.net.www.protocol.https.HttpsURLConnectionImpl.getInputStream(HttpsURLConnectionImpl.java:224)
	at moe.yushi.authlibinjector.util.IOUtils.http(IOUtils.java:66)
	at moe.yushi.authlibinjector.yggdrasil.YggdrasilClient.queryUUIDs(YggdrasilClient.java:61)
	... 6 more

[authlib-injector] [ERROR] Could not send response to the client
java.net.SocketException: 你的主机中的软件中止了一个已建立的连接。
	at java.base/sun.nio.ch.NioSocketImpl.implWrite(NioSocketImpl.java:420)
	at java.base/sun.nio.ch.NioSocketImpl.write(NioSocketImpl.java:440)
	at java.base/sun.nio.ch.NioSocketImpl$2.write(NioSocketImpl.java:826)
	at java.base/java.net.Socket$SocketOutputStream.write(Socket.java:1035)
	at moe.yushi.authlibinjector.internal.fi.iki.elonen.Response.sendBody(Response.java:257)
	at moe.yushi.authlibinjector.internal.fi.iki.elonen.Response.sendBodyWithCorrectTransferAndEncoding(Response.java:230)
	at moe.yushi.authlibinjector.internal.fi.iki.elonen.Response.send(Response.java:195)
	at moe.yushi.authlibinjector.internal.fi.iki.elonen.HTTPSession.execute(HTTPSession.java:266)
	at moe.yushi.authlibinjector.internal.fi.iki.elonen.NanoHTTPD$ClientHandler.run(NanoHTTPD.java:104)
	at java.base/java.lang.Thread.run(Thread.java:833)

[authlib-injector] [WARNING] An error occurred while processing request [/https/api.mojang.com/profiles/minecraft]
java.io.UncheckedIOException: java.io.FileNotFoundException: https://littleskin.cn/api/yggdrasil/api/profiles/minecraft
	at moe.yushi.authlibinjector.yggdrasil.YggdrasilClient.queryUUIDs(YggdrasilClient.java:65)
	at moe.yushi.authlibinjector.httpd.QueryUUIDsFilter.performQuery(QueryUUIDsFilter.java:81)
	at moe.yushi.authlibinjector.httpd.QueryUUIDsFilter.handle(QueryUUIDsFilter.java:62)
	at moe.yushi.authlibinjector.httpd.URLProcessor$1.serve(URLProcessor.java:142)
	at moe.yushi.authlibinjector.internal.fi.iki.elonen.HTTPSession.execute(HTTPSession.java:246)
	at moe.yushi.authlibinjector.internal.fi.iki.elonen.NanoHTTPD$ClientHandler.run(NanoHTTPD.java:104)
	at java.base/java.lang.Thread.run(Thread.java:833)
Caused by: java.io.FileNotFoundException: https://littleskin.cn/api/yggdrasil/api/profiles/minecraft
	at java.base/sun.net.www.protocol.http.HttpURLConnection.getInputStream0(HttpURLConnection.java:1993)
	at java.base/sun.net.www.protocol.http.HttpURLConnection.getInputStream(HttpURLConnection.java:1589)
	at java.base/sun.net.www.protocol.https.HttpsURLConnectionImpl.getInputStream(HttpsURLConnectionImpl.java:224)
	at moe.yushi.authlibinjector.util.IOUtils.http(IOUtils.java:66)
	at moe.yushi.authlibinjector.yggdrasil.YggdrasilClient.queryUUIDs(YggdrasilClient.java:61)
	... 6 more

[authlib-injector] [ERROR] Could not send response to the client
java.net.SocketException: 你的主机中的软件中止了一个已建立的连接。
	at java.base/sun.nio.ch.NioSocketImpl.implWrite(NioSocketImpl.java:420)
	at java.base/sun.nio.ch.NioSocketImpl.write(NioSocketImpl.java:440)
	at java.base/sun.nio.ch.NioSocketImpl$2.write(NioSocketImpl.java:826)
	at java.base/java.net.Socket$SocketOutputStream.write(Socket.java:1035)
	at moe.yushi.authlibinjector.internal.fi.iki.elonen.Response.sendBody(Response.java:257)
	at moe.yushi.authlibinjector.internal.fi.iki.elonen.Response.sendBodyWithCorrectTransferAndEncoding(Response.java:230)
	at moe.yushi.authlibinjector.internal.fi.iki.elonen.Response.send(Response.java:195)
	at moe.yushi.authlibinjector.internal.fi.iki.elonen.HTTPSession.execute(HTTPSession.java:266)
	at moe.yushi.authlibinjector.internal.fi.iki.elonen.NanoHTTPD$ClientHandler.run(NanoHTTPD.java:104)
	at java.base/java.lang.Thread.run(Thread.java:833)

[authlib-injector] [WARNING] An error occurred while processing request [/https/api.mojang.com/profiles/minecraft]
java.io.UncheckedIOException: java.io.FileNotFoundException: https://littleskin.cn/api/yggdrasil/api/profiles/minecraft
	at moe.yushi.authlibinjector.yggdrasil.YggdrasilClient.queryUUIDs(YggdrasilClient.java:65)
	at moe.yushi.authlibinjector.httpd.QueryUUIDsFilter.performQuery(QueryUUIDsFilter.java:81)
	at moe.yushi.authlibinjector.httpd.QueryUUIDsFilter.handle(QueryUUIDsFilter.java:62)
	at moe.yushi.authlibinjector.httpd.URLProcessor$1.serve(URLProcessor.java:142)
	at moe.yushi.authlibinjector.internal.fi.iki.elonen.HTTPSession.execute(HTTPSession.java:246)
	at moe.yushi.authlibinjector.internal.fi.iki.elonen.NanoHTTPD$ClientHandler.run(NanoHTTPD.java:104)
	at java.base/java.lang.Thread.run(Thread.java:833)
Caused by: java.io.FileNotFoundException: https://littleskin.cn/api/yggdrasil/api/profiles/minecraft
	at java.base/sun.net.www.protocol.http.HttpURLConnection.getInputStream0(HttpURLConnection.java:1993)
	at java.base/sun.net.www.protocol.http.HttpURLConnection.getInputStream(HttpURLConnection.java:1589)
	at java.base/sun.net.www.protocol.https.HttpsURLConnectionImpl.getInputStream(HttpsURLConnectionImpl.java:224)
	at moe.yushi.authlibinjector.util.IOUtils.http(IOUtils.java:66)
	at moe.yushi.authlibinjector.yggdrasil.YggdrasilClient.queryUUIDs(YggdrasilClient.java:61)
	... 6 more

[authlib-injector] [ERROR] Could not send response to the client
java.net.SocketException: 你的主机中的软件中止了一个已建立的连接。
	at java.base/sun.nio.ch.NioSocketImpl.implWrite(NioSocketImpl.java:420)
	at java.base/sun.nio.ch.NioSocketImpl.write(NioSocketImpl.java:440)
	at java.base/sun.nio.ch.NioSocketImpl$2.write(NioSocketImpl.java:826)
	at java.base/java.net.Socket$SocketOutputStream.write(Socket.java:1035)
	at moe.yushi.authlibinjector.internal.fi.iki.elonen.Response.sendBody(Response.java:257)
	at moe.yushi.authlibinjector.internal.fi.iki.elonen.Response.sendBodyWithCorrectTransferAndEncoding(Response.java:230)
	at moe.yushi.authlibinjector.internal.fi.iki.elonen.Response.send(Response.java:195)
	at moe.yushi.authlibinjector.internal.fi.iki.elonen.HTTPSession.execute(HTTPSession.java:266)
	at moe.yushi.authlibinjector.internal.fi.iki.elonen.NanoHTTPD$ClientHandler.run(NanoHTTPD.java:104)
	at java.base/java.lang.Thread.run(Thread.java:833)

[authlib-injector] [WARNING] An error occurred while processing request [/https/sessionserver.mojang.com/session/minecraft/profile/cd59de772f503df9a4f8134e1a64a298]
java.io.UncheckedIOException: java.io.IOException: Server returned HTTP response code: 502 for URL: https://littleskin.cn/api/yggdrasil/sessionserver/session/minecraft/profile/cd59de772f503df9a4f8134e1a64a298?unsigned=false
	at moe.yushi.authlibinjector.yggdrasil.YggdrasilClient.queryProfile(YggdrasilClient.java:92)
	at moe.yushi.authlibinjector.httpd.QueryProfileFilter.handle(QueryProfileFilter.java:82)
	at moe.yushi.authlibinjector.httpd.URLProcessor$1.serve(URLProcessor.java:142)
	at moe.yushi.authlibinjector.internal.fi.iki.elonen.HTTPSession.execute(HTTPSession.java:246)
	at moe.yushi.authlibinjector.internal.fi.iki.elonen.NanoHTTPD$ClientHandler.run(NanoHTTPD.java:104)
	at java.base/java.lang.Thread.run(Thread.java:833)
Caused by: java.io.IOException: Server returned HTTP response code: 502 for URL: https://littleskin.cn/api/yggdrasil/sessionserver/session/minecraft/profile/cd59de772f503df9a4f8134e1a64a298?unsigned=false
	at java.base/sun.net.www.protocol.http.HttpURLConnection.getInputStream0(HttpURLConnection.java:1997)
	at java.base/sun.net.www.protocol.http.HttpURLConnection.getInputStream(HttpURLConnection.java:1589)
	at java.base/sun.net.www.protocol.https.HttpsURLConnectionImpl.getInputStream(HttpsURLConnectionImpl.java:224)
	at moe.yushi.authlibinjector.util.IOUtils.http(IOUtils.java:49)
	at moe.yushi.authlibinjector.yggdrasil.YggdrasilClient.queryProfile(YggdrasilClient.java:90)
	... 5 more

[authlib-injector] [WARNING] An error occurred while processing request [/https/api.mojang.com/profiles/minecraft]
java.io.UncheckedIOException: java.io.FileNotFoundException: https://littleskin.cn/api/yggdrasil/api/profiles/minecraft
	at moe.yushi.authlibinjector.yggdrasil.YggdrasilClient.queryUUIDs(YggdrasilClient.java:65)
	at moe.yushi.authlibinjector.httpd.QueryUUIDsFilter.performQuery(QueryUUIDsFilter.java:81)
	at moe.yushi.authlibinjector.httpd.QueryUUIDsFilter.handle(QueryUUIDsFilter.java:62)
	at moe.yushi.authlibinjector.httpd.URLProcessor$1.serve(URLProcessor.java:142)
	at moe.yushi.authlibinjector.internal.fi.iki.elonen.HTTPSession.execute(HTTPSession.java:246)
	at moe.yushi.authlibinjector.internal.fi.iki.elonen.NanoHTTPD$ClientHandler.run(NanoHTTPD.java:104)
	at java.base/java.lang.Thread.run(Thread.java:833)
Caused by: java.io.FileNotFoundException: https://littleskin.cn/api/yggdrasil/api/profiles/minecraft
	at java.base/sun.net.www.protocol.http.HttpURLConnection.getInputStream0(HttpURLConnection.java:1993)
	at java.base/sun.net.www.protocol.http.HttpURLConnection.getInputStream(HttpURLConnection.java:1589)
	at java.base/sun.net.www.protocol.https.HttpsURLConnectionImpl.getInputStream(HttpsURLConnectionImpl.java:224)
	at moe.yushi.authlibinjector.util.IOUtils.http(IOUtils.java:66)
	at moe.yushi.authlibinjector.yggdrasil.YggdrasilClient.queryUUIDs(YggdrasilClient.java:61)
	... 6 more

[authlib-injector] [ERROR] Could not send response to the client
java.net.SocketException: 你的主机中的软件中止了一个已建立的连接。
	at java.base/sun.nio.ch.NioSocketImpl.implWrite(NioSocketImpl.java:420)
	at java.base/sun.nio.ch.NioSocketImpl.write(NioSocketImpl.java:440)
	at java.base/sun.nio.ch.NioSocketImpl$2.write(NioSocketImpl.java:826)
	at java.base/java.net.Socket$SocketOutputStream.write(Socket.java:1035)
	at moe.yushi.authlibinjector.internal.fi.iki.elonen.Response.sendBody(Response.java:257)
	at moe.yushi.authlibinjector.internal.fi.iki.elonen.Response.sendBodyWithCorrectTransferAndEncoding(Response.java:230)
	at moe.yushi.authlibinjector.internal.fi.iki.elonen.Response.send(Response.java:195)
	at moe.yushi.authlibinjector.internal.fi.iki.elonen.HTTPSession.execute(HTTPSession.java:266)
	at moe.yushi.authlibinjector.internal.fi.iki.elonen.NanoHTTPD$ClientHandler.run(NanoHTTPD.java:104)
	at java.base/java.lang.Thread.run(Thread.java:833)

[authlib-injector] [WARNING] An error occurred while processing request [/https/api.mojang.com/profiles/minecraft]
java.io.UncheckedIOException: java.io.FileNotFoundException: https://littleskin.cn/api/yggdrasil/api/profiles/minecraft
	at moe.yushi.authlibinjector.yggdrasil.YggdrasilClient.queryUUIDs(YggdrasilClient.java:65)
	at moe.yushi.authlibinjector.httpd.QueryUUIDsFilter.performQuery(QueryUUIDsFilter.java:81)
	at moe.yushi.authlibinjector.httpd.QueryUUIDsFilter.handle(QueryUUIDsFilter.java:62)
	at moe.yushi.authlibinjector.httpd.URLProcessor$1.serve(URLProcessor.java:142)
	at moe.yushi.authlibinjector.internal.fi.iki.elonen.HTTPSession.execute(HTTPSession.java:246)
	at moe.yushi.authlibinjector.internal.fi.iki.elonen.NanoHTTPD$ClientHandler.run(NanoHTTPD.java:104)
	at java.base/java.lang.Thread.run(Thread.java:833)
Caused by: java.io.FileNotFoundException: https://littleskin.cn/api/yggdrasil/api/profiles/minecraft
	at java.base/sun.net.www.protocol.http.HttpURLConnection.getInputStream0(HttpURLConnection.java:1993)
	at java.base/sun.net.www.protocol.http.HttpURLConnection.getInputStream(HttpURLConnection.java:1589)
	at java.base/sun.net.www.protocol.https.HttpsURLConnectionImpl.getInputStream(HttpsURLConnectionImpl.java:224)
	at moe.yushi.authlibinjector.util.IOUtils.http(IOUtils.java:66)
	at moe.yushi.authlibinjector.yggdrasil.YggdrasilClient.queryUUIDs(YggdrasilClient.java:61)
	... 6 more

[authlib-injector] [ERROR] Could not send response to the client
java.net.SocketException: 你的主机中的软件中止了一个已建立的连接。
	at java.base/sun.nio.ch.NioSocketImpl.implWrite(NioSocketImpl.java:420)
	at java.base/sun.nio.ch.NioSocketImpl.write(NioSocketImpl.java:440)
	at java.base/sun.nio.ch.NioSocketImpl$2.write(NioSocketImpl.java:826)
	at java.base/java.net.Socket$SocketOutputStream.write(Socket.java:1035)
	at moe.yushi.authlibinjector.internal.fi.iki.elonen.Response.sendBody(Response.java:257)
	at moe.yushi.authlibinjector.internal.fi.iki.elonen.Response.sendBodyWithCorrectTransferAndEncoding(Response.java:230)
	at moe.yushi.authlibinjector.internal.fi.iki.elonen.Response.send(Response.java:195)
	at moe.yushi.authlibinjector.internal.fi.iki.elonen.HTTPSession.execute(HTTPSession.java:266)
	at moe.yushi.authlibinjector.internal.fi.iki.elonen.NanoHTTPD$ClientHandler.run(NanoHTTPD.java:104)
	at java.base/java.lang.Thread.run(Thread.java:833)

[authlib-injector] [WARNING] An error occurred while processing request [/https/api.mojang.com/profiles/minecraft]
java.io.UncheckedIOException: java.io.FileNotFoundException: https://littleskin.cn/api/yggdrasil/api/profiles/minecraft
	at moe.yushi.authlibinjector.yggdrasil.YggdrasilClient.queryUUIDs(YggdrasilClient.java:65)
	at moe.yushi.authlibinjector.httpd.QueryUUIDsFilter.performQuery(QueryUUIDsFilter.java:81)
	at moe.yushi.authlibinjector.httpd.QueryUUIDsFilter.handle(QueryUUIDsFilter.java:62)
	at moe.yushi.authlibinjector.httpd.URLProcessor$1.serve(URLProcessor.java:142)
	at moe.yushi.authlibinjector.internal.fi.iki.elonen.HTTPSession.execute(HTTPSession.java:246)
	at moe.yushi.authlibinjector.internal.fi.iki.elonen.NanoHTTPD$ClientHandler.run(NanoHTTPD.java:104)
	at java.base/java.lang.Thread.run(Thread.java:833)
Caused by: java.io.FileNotFoundException: https://littleskin.cn/api/yggdrasil/api/profiles/minecraft
	at java.base/sun.net.www.protocol.http.HttpURLConnection.getInputStream0(HttpURLConnection.java:1993)
	at java.base/sun.net.www.protocol.http.HttpURLConnection.getInputStream(HttpURLConnection.java:1589)
	at java.base/sun.net.www.protocol.https.HttpsURLConnectionImpl.getInputStream(HttpsURLConnectionImpl.java:224)
	at moe.yushi.authlibinjector.util.IOUtils.http(IOUtils.java:66)
	at moe.yushi.authlibinjector.yggdrasil.YggdrasilClient.queryUUIDs(YggdrasilClient.java:61)
	... 6 more

[authlib-injector] [ERROR] Could not send response to the client
java.net.SocketException: 你的主机中的软件中止了一个已建立的连接。
	at java.base/sun.nio.ch.NioSocketImpl.implWrite(NioSocketImpl.java:420)
	at java.base/sun.nio.ch.NioSocketImpl.write(NioSocketImpl.java:440)
	at java.base/sun.nio.ch.NioSocketImpl$2.write(NioSocketImpl.java:826)
	at java.base/java.net.Socket$SocketOutputStream.write(Socket.java:1035)
	at moe.yushi.authlibinjector.internal.fi.iki.elonen.Response.sendBody(Response.java:257)
	at moe.yushi.authlibinjector.internal.fi.iki.elonen.Response.sendBodyWithCorrectTransferAndEncoding(Response.java:230)
	at moe.yushi.authlibinjector.internal.fi.iki.elonen.Response.send(Response.java:195)
	at moe.yushi.authlibinjector.internal.fi.iki.elonen.HTTPSession.execute(HTTPSession.java:266)
	at moe.yushi.authlibinjector.internal.fi.iki.elonen.NanoHTTPD$ClientHandler.run(NanoHTTPD.java:104)
	at java.base/java.lang.Thread.run(Thread.java:833)

[authlib-injector] [WARNING] An error occurred while processing request [/https/sessionserver.mojang.com/session/minecraft/profile/e7bc803737df3dcbbc78f3026d82bce4]
java.io.UncheckedIOException: java.io.FileNotFoundException: https://littleskin.cn/api/yggdrasil/sessionserver/session/minecraft/profile/e7bc803737df3dcbbc78f3026d82bce4?unsigned=false
	at moe.yushi.authlibinjector.yggdrasil.YggdrasilClient.queryProfile(YggdrasilClient.java:92)
	at moe.yushi.authlibinjector.httpd.QueryProfileFilter.handle(QueryProfileFilter.java:82)
	at moe.yushi.authlibinjector.httpd.URLProcessor$1.serve(URLProcessor.java:142)
	at moe.yushi.authlibinjector.internal.fi.iki.elonen.HTTPSession.execute(HTTPSession.java:246)
	at moe.yushi.authlibinjector.internal.fi.iki.elonen.NanoHTTPD$ClientHandler.run(NanoHTTPD.java:104)
	at java.base/java.lang.Thread.run(Thread.java:833)
Caused by: java.io.FileNotFoundException: https://littleskin.cn/api/yggdrasil/sessionserver/session/minecraft/profile/e7bc803737df3dcbbc78f3026d82bce4?unsigned=false
	at java.base/sun.net.www.protocol.http.HttpURLConnection.getInputStream0(HttpURLConnection.java:1993)
	at java.base/sun.net.www.protocol.http.HttpURLConnection.getInputStream(HttpURLConnection.java:1589)
	at java.base/sun.net.www.protocol.https.HttpsURLConnectionImpl.getInputStream(HttpsURLConnectionImpl.java:224)
	at moe.yushi.authlibinjector.util.IOUtils.http(IOUtils.java:49)
	at moe.yushi.authlibinjector.yggdrasil.YggdrasilClient.queryProfile(YggdrasilClient.java:90)
	... 5 more

[authlib-injector] [ERROR] Could not send response to the client
java.net.SocketException: 你的主机中的软件中止了一个已建立的连接。
	at java.base/sun.nio.ch.NioSocketImpl.implWrite(NioSocketImpl.java:420)
	at java.base/sun.nio.ch.NioSocketImpl.write(NioSocketImpl.java:440)
	at java.base/sun.nio.ch.NioSocketImpl$2.write(NioSocketImpl.java:826)
	at java.base/java.net.Socket$SocketOutputStream.write(Socket.java:1035)
	at moe.yushi.authlibinjector.internal.fi.iki.elonen.Response.sendBody(Response.java:257)
	at moe.yushi.authlibinjector.internal.fi.iki.elonen.Response.sendBodyWithCorrectTransferAndEncoding(Response.java:230)
	at moe.yushi.authlibinjector.internal.fi.iki.elonen.Response.send(Response.java:195)
	at moe.yushi.authlibinjector.internal.fi.iki.elonen.HTTPSession.execute(HTTPSession.java:266)
	at moe.yushi.authlibinjector.internal.fi.iki.elonen.NanoHTTPD$ClientHandler.run(NanoHTTPD.java:104)
	at java.base/java.lang.Thread.run(Thread.java:833)

[authlib-injector] [WARNING] An error occurred while processing request [/https/sessionserver.mojang.com/session/minecraft/profile/a4eb5569bf383aefbc212dbd73d30851]
java.io.UncheckedIOException: java.io.FileNotFoundException: https://littleskin.cn/api/yggdrasil/sessionserver/session/minecraft/profile/a4eb5569bf383aefbc212dbd73d30851?unsigned=false
	at moe.yushi.authlibinjector.yggdrasil.YggdrasilClient.queryProfile(YggdrasilClient.java:92)
	at moe.yushi.authlibinjector.httpd.QueryProfileFilter.handle(QueryProfileFilter.java:82)
	at moe.yushi.authlibinjector.httpd.URLProcessor$1.serve(URLProcessor.java:142)
	at moe.yushi.authlibinjector.internal.fi.iki.elonen.HTTPSession.execute(HTTPSession.java:246)
	at moe.yushi.authlibinjector.internal.fi.iki.elonen.NanoHTTPD$ClientHandler.run(NanoHTTPD.java:104)
	at java.base/java.lang.Thread.run(Thread.java:833)
Caused by: java.io.FileNotFoundException: https://littleskin.cn/api/yggdrasil/sessionserver/session/minecraft/profile/a4eb5569bf383aefbc212dbd73d30851?unsigned=false
	at java.base/sun.net.www.protocol.http.HttpURLConnection.getInputStream0(HttpURLConnection.java:1993)
	at java.base/sun.net.www.protocol.http.HttpURLConnection.getInputStream(HttpURLConnection.java:1589)
	at java.base/sun.net.www.protocol.https.HttpsURLConnectionImpl.getInputStream(HttpsURLConnectionImpl.java:224)
	at moe.yushi.authlibinjector.util.IOUtils.http(IOUtils.java:49)
	at moe.yushi.authlibinjector.yggdrasil.YggdrasilClient.queryProfile(YggdrasilClient.java:90)
	... 5 more

[authlib-injector] [ERROR] Could not send response to the client
java.net.SocketException: 你的主机中的软件中止了一个已建立的连接。
	at java.base/sun.nio.ch.NioSocketImpl.implWrite(NioSocketImpl.java:420)
	at java.base/sun.nio.ch.NioSocketImpl.write(NioSocketImpl.java:440)
	at java.base/sun.nio.ch.NioSocketImpl$2.write(NioSocketImpl.java:826)
	at java.base/java.net.Socket$SocketOutputStream.write(Socket.java:1035)
	at moe.yushi.authlibinjector.internal.fi.iki.elonen.Response.sendBody(Response.java:257)
	at moe.yushi.authlibinjector.internal.fi.iki.elonen.Response.sendBodyWithCorrectTransferAndEncoding(Response.java:230)
	at moe.yushi.authlibinjector.internal.fi.iki.elonen.Response.send(Response.java:195)
	at moe.yushi.authlibinjector.internal.fi.iki.elonen.HTTPSession.execute(HTTPSession.java:266)
	at moe.yushi.authlibinjector.internal.fi.iki.elonen.NanoHTTPD$ClientHandler.run(NanoHTTPD.java:104)
	at java.base/java.lang.Thread.run(Thread.java:833)

[authlib-injector] [WARNING] An error occurred while processing request [/https/sessionserver.mojang.com/session/minecraft/profile/8a9b903472e03e0985bc86b7053f8158]
java.io.UncheckedIOException: java.io.FileNotFoundException: https://littleskin.cn/api/yggdrasil/sessionserver/session/minecraft/profile/8a9b903472e03e0985bc86b7053f8158?unsigned=false
	at moe.yushi.authlibinjector.yggdrasil.YggdrasilClient.queryProfile(YggdrasilClient.java:92)
	at moe.yushi.authlibinjector.httpd.QueryProfileFilter.handle(QueryProfileFilter.java:82)
	at moe.yushi.authlibinjector.httpd.URLProcessor$1.serve(URLProcessor.java:142)
	at moe.yushi.authlibinjector.internal.fi.iki.elonen.HTTPSession.execute(HTTPSession.java:246)
	at moe.yushi.authlibinjector.internal.fi.iki.elonen.NanoHTTPD$ClientHandler.run(NanoHTTPD.java:104)
	at java.base/java.lang.Thread.run(Thread.java:833)
Caused by: java.io.FileNotFoundException: https://littleskin.cn/api/yggdrasil/sessionserver/session/minecraft/profile/8a9b903472e03e0985bc86b7053f8158?unsigned=false
	at java.base/sun.net.www.protocol.http.HttpURLConnection.getInputStream0(HttpURLConnection.java:1993)
	at java.base/sun.net.www.protocol.http.HttpURLConnection.getInputStream(HttpURLConnection.java:1589)
	at java.base/sun.net.www.protocol.https.HttpsURLConnectionImpl.getInputStream(HttpsURLConnectionImpl.java:224)
	at moe.yushi.authlibinjector.util.IOUtils.http(IOUtils.java:49)
	at moe.yushi.authlibinjector.yggdrasil.YggdrasilClient.queryProfile(YggdrasilClient.java:90)
	... 5 more

[authlib-injector] [ERROR] Could not send response to the client
java.net.SocketException: 你的主机中的软件中止了一个已建立的连接。
	at java.base/sun.nio.ch.NioSocketImpl.implWrite(NioSocketImpl.java:420)
	at java.base/sun.nio.ch.NioSocketImpl.write(NioSocketImpl.java:440)
	at java.base/sun.nio.ch.NioSocketImpl$2.write(NioSocketImpl.java:826)
	at java.base/java.net.Socket$SocketOutputStream.write(Socket.java:1035)
	at moe.yushi.authlibinjector.internal.fi.iki.elonen.Response.sendBody(Response.java:257)
	at moe.yushi.authlibinjector.internal.fi.iki.elonen.Response.sendBodyWithCorrectTransferAndEncoding(Response.java:230)
	at moe.yushi.authlibinjector.internal.fi.iki.elonen.Response.send(Response.java:195)
	at moe.yushi.authlibinjector.internal.fi.iki.elonen.HTTPSession.execute(HTTPSession.java:266)
	at moe.yushi.authlibinjector.internal.fi.iki.elonen.NanoHTTPD$ClientHandler.run(NanoHTTPD.java:104)
	at java.base/java.lang.Thread.run(Thread.java:833)

