[17:02:30] [main/INFO]: Loading Minecraft 1.19.3 with Fabric Loader 0.14.17
[17:02:30] [main/INFO]: Fabric is preparing JARs on first launch, this may take a few seconds...
[17:02:30] [main/INFO]: Loading 3 mods:
	- fabricloader 0.14.17
	- java 17
	- minecraft 1.19.3
[17:02:31] [main/INFO]: SpongePowered MIXIN Subsystem Version=0.8.5 Source=file:/E:/mondaysetup/.minecraft/libraries/net/fabricmc/sponge-mixin/0.12.4+mixin.0.8.5/sponge-mixin-0.12.4+mixin.0.8.5.jar Service=Knot/Fabric Env=CLIENT
[17:02:36] [main/INFO]: Building optimized datafixer
[17:02:47] [Render thread/INFO]: Environment: authHost='https://littleskin.cn/api/yggdrasil/authserver', accountsHost='http://127.0.0.1:2140/https/api.mojang.com', sessionHost='http://127.0.0.1:2140/https/sessionserver.mojang.com', servicesHost='http://127.0.0.1:2140/https/api.minecraftservices.com', name='PROD'
[17:02:47] [Render thread/INFO]: Setting user: dawangfangpi
[17:02:48] [Render thread/INFO]: Backend library: LWJGL version 3.3.1 SNAPSHOT
[17:02:58] [Render thread/INFO]: Narrator library for x64 successfully loaded
[17:02:58] [Render thread/INFO]: Reloading ResourceManager: vanilla
[17:03:05] [Render thread/WARN]: Missing sound for event: minecraft:item.goat_horn.play
[17:03:05] [Render thread/WARN]: Missing sound for event: minecraft:entity.goat.screaming.horn_break
[17:03:06] [Render thread/INFO]: OpenAL initialized on device OpenAL Soft on 扬声器 (Realtek(R) Audio)
[17:03:06] [Render thread/INFO]: Sound engine started
[17:03:06] [Render thread/INFO]: Created: 1024x1024x4 minecraft:textures/atlas/blocks.png-atlas
[17:03:06] [Render thread/INFO]: Created: 512x256x4 minecraft:textures/atlas/signs.png-atlas
[17:03:06] [Render thread/INFO]: Created: 1024x512x4 minecraft:textures/atlas/banner_patterns.png-atlas
[17:03:06] [Render thread/INFO]: Created: 1024x512x4 minecraft:textures/atlas/shield_patterns.png-atlas
[17:03:06] [Render thread/INFO]: Created: 256x256x4 minecraft:textures/atlas/chest.png-atlas
[17:03:06] [Render thread/INFO]: Created: 512x256x4 minecraft:textures/atlas/shulker_boxes.png-atlas
[17:03:06] [Render thread/INFO]: Created: 512x256x4 minecraft:textures/atlas/beds.png-atlas
[17:03:07] [Render thread/WARN]: Shader rendertype_entity_translucent_emissive could not find sampler named Sampler2 in the specified shader program.
[17:03:07] [Render thread/INFO]: Created: 512x256x0 minecraft:textures/atlas/particles.png-atlas
[17:03:07] [Render thread/INFO]: Created: 256x256x0 minecraft:textures/atlas/paintings.png-atlas
[17:03:07] [Render thread/INFO]: Created: 256x128x0 minecraft:textures/atlas/mob_effects.png-atlas
[17:03:07] [Render thread/INFO]: Connecting to mc.monday-ovo.top, 25565
[17:03:14] [Render thread/WARN]: Unknown custom packed identifier: minecraft:register
[17:03:16] [Render thread/INFO]: [System] [CHAT] An update for PlaceholderAPI (PlaceholderAPI v2.11.3)
[17:03:16] [Render thread/INFO]: [System] [CHAT] is available at https://www.spigotmc.org/resources/placeholderapi.6245/
[17:03:16] [Render thread/INFO]: [System] [CHAT] dawangfangpi加入了游戏
[17:03:16] [Render thread/INFO]: Loaded 335 advancements
[17:03:16] [Render thread/INFO]: [System] [CHAT] [ViaVersion] There is a newer plugin version available: 4.6.2, you're on: 4.5.1
[17:03:16] [Render thread/INFO]: [System] [CHAT] §bZMusic §e>>> §r§a正在检查更新...
[17:03:16] [Render thread/INFO]: [System] [CHAT] [Monday] 请输入“/login <密码>”以登录
[17:03:16] [Render thread/INFO]: [System] [CHAT] §bZMusic §e>>> §r§a发现新版本 V2.7.8
[17:03:16] [Render thread/INFO]: [System] [CHAT] §bZMusic §e>>> §r§a更新日志:
[17:03:16] [Render thread/INFO]: [System] [CHAT] §bZMusic §e>>> §r§a1.修复首次加载CookieManager失败导致无法启动插件的问题
[17:03:16] [Render thread/INFO]: [System] [CHAT] §bZMusic §e>>> §r§a下载地址: §e§nhttps://github.com/RealHeart/ZMusic/releases/2.7.8
[17:03:16] [Render thread/INFO]: [System] [CHAT] [好友] Thank you for using BungeeFriends! (v2.4)
[17:03:16] [Render thread/INFO]: [System] [CHAT] [好友] Support the developer: https://www.paypal.me/SimplyRin/5USD
[17:03:17] [Worker-Main-8/INFO]: [STDOUT]: http://textures.minecraft.net/texture/f75315b7a10f19913a90eee3dabd5c07b10c88a29c34ad35876b27ed3a1ac9bb
[17:03:20] [Render thread/INFO]: [System] [CHAT] [Monday] 请输入“/login <密码>”以登录
[17:03:25] [Render thread/INFO]: [System] [CHAT] [Monday] 请输入“/login <密码>”以登录
[17:03:30] [Render thread/INFO]: [System] [CHAT] [Monday] 请输入“/login <密码>”以登录
[17:03:35] [Render thread/INFO]: [System] [CHAT] [Monday] 请输入“/login <密码>”以登录
[17:03:40] [Render thread/INFO]: [System] [CHAT] [Monday] 请输入“/login <密码>”以登录
[17:03:45] [Render thread/INFO]: [System] [CHAT] [Monday] 已成功登录！
[17:03:46] [Worker-Main-15/INFO]: [STDOUT]: http://textures.minecraft.net/texture/71c03d10c4b0d6663b08559be113be92a98744165aa6ab533406c3867b212bf3
[17:03:48] [Render thread/INFO]: [System] [CHAT] §bZMusic §e>>> §r§a输入 /zm help 查看帮助.
[17:03:53] [Render thread/INFO]: [System] [CHAT] §bZMusic §e>>> §r§a§6========= §r[§bZMusic§r] §d帮助 By 真心 §6=========
[17:03:53] [Render thread/INFO]: [System] [CHAT] §bZMusic §e>>> §r§a/zm help - 查看主帮助(当前).
[17:03:53] [Render thread/INFO]: [System] [CHAT] §bZMusic §e>>> §r§a/zm help play - 查看播放帮助.
[17:03:53] [Render thread/INFO]: [System] [CHAT] §bZMusic §e>>> §r§a/zm help music - 查看点歌帮助.
[17:03:53] [Render thread/INFO]: [System] [CHAT] §bZMusic §e>>> §r§a/zm help search - 查看搜索帮助.
[17:03:53] [Render thread/INFO]: [System] [CHAT] §bZMusic §e>>> §r§a/zm help playlist - 查看歌单帮助.
[17:03:53] [Render thread/INFO]: [System] [CHAT] §bZMusic §e>>> §r§a/zm help admin - 查看管理员帮助.
[17:03:53] [Render thread/INFO]: [System] [CHAT] §bZMusic §e>>> §r§a§6=========================================
[17:03:53] [Render thread/INFO]: [System] [CHAT] §bZMusic §e>>> §r§a/zm stop - 停止播放
[17:03:53] [Render thread/INFO]: [System] [CHAT] §bZMusic §e>>> §r§a/zm loop - 开/关循环播放
[17:03:53] [Render thread/INFO]: [System] [CHAT] §bZMusic §e>>> §r§a/zm url [MP3地址] - 播放网络音乐
[17:03:53] [Render thread/INFO]: [System] [CHAT] §bZMusic §e>>> §r§a/zm 163hot [歌名] - 获取网易云音乐热评(前三)
[17:03:53] [Render thread/INFO]: [System] [CHAT] §bZMusic §e>>> §r§a§6=========================================
[17:04:25] [Render thread/INFO]: [System] [CHAT] §bZMusic §e>>> §r§a§6========= §r[§bZMusic§r] §d播放帮助 By 真心 §6=========
[17:04:25] [Render thread/INFO]: [System] [CHAT] §bZMusic §e>>> §r§a/zm play 163 <歌名> - 网易云音乐播放§a.
[17:04:25] [Render thread/INFO]: [System] [CHAT] §bZMusic §e>>> §r§a/zm play qq <歌名> - QQ音乐播放§a.
[17:04:25] [Render thread/INFO]: [System] [CHAT] §bZMusic §e>>> §r§a/zm play kugou <歌名> - 酷狗音乐播放§a.
[17:04:25] [Render thread/INFO]: [System] [CHAT] §bZMusic §e>>> §r§a/zm play kuwo <歌名> - 酷我音乐播放§a.
[17:04:25] [Render thread/INFO]: [System] [CHAT] §bZMusic §e>>> §r§a/zm play bilibili <:auXXXXX/歌名> - 哔哩哔哩音乐播放§a.
[17:04:25] [Render thread/INFO]: [System] [CHAT] §bZMusic §e>>> §r§a§6=========================================
[17:04:36] [Worker-Bootstrap-4/INFO]: 4445 Datafixer optimizations took 119429 milliseconds
[17:04:44] [Render thread/INFO]: [System] [CHAT] §bZMusic §e>>> §r§a正在搜索中...
[17:04:45] [Render thread/WARN]: Unknown custom packed identifier: allmusic:channel
[17:04:45] [Render thread/WARN]: Unknown custom packed identifier: zmusic:channel
[17:04:45] [Render thread/WARN]: Unknown custom packed identifier: legacy:audiobuffer
[17:04:45] [Render thread/WARN]: Unknown custom packed identifier: allmusic:channel
[17:04:45] [Render thread/WARN]: Unknown custom packed identifier: zmusic:channel
[17:04:45] [Render thread/WARN]: Unknown custom packed identifier: zmusic:channel
[17:04:45] [Render thread/WARN]: Unknown custom packed identifier: allmusic:channel
[17:04:45] [Render thread/WARN]: Unknown custom packed identifier: allmusic:channel
[17:04:45] [Render thread/WARN]: Unknown custom packed identifier: zmusic:channel
[17:04:45] [Render thread/WARN]: Unknown custom packed identifier: zmusic:channel
[17:04:45] [Render thread/WARN]: Unknown custom packed identifier: allmusic:channel
[17:04:45] [Render thread/WARN]: Unknown custom packed identifier: allmusic:channel
[17:04:45] [Render thread/WARN]: Unknown custom packed identifier: legacy:audiobuffer
[17:04:45] [Render thread/WARN]: Unknown custom packed identifier: zmusic:channel
[17:04:45] [Render thread/INFO]: [System] [CHAT] §bZMusic §e>>> §r§a在网易云音乐播放§r[§e阳光开朗大男孩 - 卦者灵风§r]§a成功,耗时544毫秒!
[17:04:45] [Render thread/WARN]: Unknown custom packed identifier: zmusic:channel
[17:04:45] [Render thread/WARN]: Unknown custom packed identifier: allmusic:channel
[17:04:46] [Render thread/WARN]: Unknown custom packed identifier: zmusic:channel
[17:04:46] [Render thread/WARN]: Unknown custom packed identifier: allmusic:channel
[17:04:46] [Render thread/WARN]: Unknown custom packed identifier: allmusic:channel
[17:04:46] [Render thread/WARN]: Unknown custom packed identifier: zmusic:channel
[17:04:47] [Render thread/WARN]: Unknown custom packed identifier: allmusic:channel
[17:04:47] [Render thread/WARN]: Unknown custom packed identifier: zmusic:channel
[17:04:47] [Render thread/WARN]: Unknown custom packed identifier: allmusic:channel
[17:04:47] [Render thread/WARN]: Unknown custom packed identifier: zmusic:channel
[17:04:48] [Render thread/WARN]: Unknown custom packed identifier: zmusic:channel
[17:04:48] [Render thread/WARN]: Unknown custom packed identifier: allmusic:channel
[17:04:49] [Render thread/WARN]: Unknown custom packed identifier: zmusic:channel
[17:04:49] [Render thread/WARN]: Unknown custom packed identifier: allmusic:channel
[17:04:50] [Render thread/WARN]: Unknown custom packed identifier: zmusic:channel
[17:04:50] [Render thread/WARN]: Unknown custom packed identifier: allmusic:channel
[17:04:51] [Render thread/WARN]: Unknown custom packed identifier: allmusic:channel
[17:04:51] [Render thread/WARN]: Unknown custom packed identifier: zmusic:channel
[17:04:52] [Render thread/WARN]: Unknown custom packed identifier: allmusic:channel
[17:04:52] [Render thread/WARN]: Unknown custom packed identifier: zmusic:channel
[17:04:53] [Render thread/INFO]: Reloading ResourceManager: vanilla
[17:04:53] [Render thread/WARN]: Unknown custom packed identifier: allmusic:channel
[17:04:53] [Render thread/WARN]: Unknown custom packed identifier: zmusic:channel
[17:04:54] [Render thread/WARN]: Unknown custom packed identifier: allmusic:channel
[17:04:54] [Render thread/WARN]: Unknown custom packed identifier: zmusic:channel
[17:04:55] [Render thread/WARN]: Unknown custom packed identifier: allmusic:channel
[17:04:55] [Render thread/WARN]: Unknown custom packed identifier: zmusic:channel
[17:04:55] [Render thread/WARN]: Unknown custom packed identifier: allmusic:channel
[17:04:55] [Render thread/WARN]: Unknown custom packed identifier: zmusic:channel
[17:04:55] [Render thread/WARN]: Missing sound for event: minecraft:item.goat_horn.play
[17:04:55] [Render thread/WARN]: Missing sound for event: minecraft:entity.goat.screaming.horn_break
[17:04:56] [Render thread/INFO]: OpenAL initialized on device OpenAL Soft on 扬声器 (Realtek(R) Audio)
[17:04:56] [Render thread/INFO]: Sound engine started
[17:04:56] [Render thread/WARN]: Unknown custom packed identifier: allmusic:channel
[17:04:56] [Render thread/WARN]: Unknown custom packed identifier: zmusic:channel
[17:04:56] [Render thread/INFO]: Created: 1024x1024x4 minecraft:textures/atlas/blocks.png-atlas
[17:04:56] [Render thread/INFO]: Created: 512x256x4 minecraft:textures/atlas/signs.png-atlas
[17:04:56] [Render thread/INFO]: Created: 1024x512x4 minecraft:textures/atlas/banner_patterns.png-atlas
[17:04:56] [Render thread/INFO]: Created: 1024x512x4 minecraft:textures/atlas/shield_patterns.png-atlas
[17:04:56] [Render thread/INFO]: Created: 256x256x4 minecraft:textures/atlas/chest.png-atlas
[17:04:56] [Render thread/INFO]: Created: 512x256x4 minecraft:textures/atlas/shulker_boxes.png-atlas
[17:04:56] [Render thread/INFO]: Created: 512x256x4 minecraft:textures/atlas/beds.png-atlas
[17:04:56] [Render thread/WARN]: Shader rendertype_entity_translucent_emissive could not find sampler named Sampler2 in the specified shader program.
[17:04:56] [Render thread/INFO]: Created: 512x256x0 minecraft:textures/atlas/particles.png-atlas
[17:04:56] [Render thread/INFO]: Created: 256x256x0 minecraft:textures/atlas/paintings.png-atlas
[17:04:56] [Render thread/INFO]: Created: 256x128x0 minecraft:textures/atlas/mob_effects.png-atlas
[17:04:57] [Render thread/WARN]: Unknown custom packed identifier: allmusic:channel
[17:04:57] [Render thread/WARN]: Unknown custom packed identifier: zmusic:channel
[17:04:58] [Render thread/WARN]: Unknown custom packed identifier: zmusic:channel
[17:04:58] [Render thread/WARN]: Unknown custom packed identifier: allmusic:channel
[17:04:59] [Render thread/WARN]: Unknown custom packed identifier: allmusic:channel
[17:04:59] [Render thread/WARN]: Unknown custom packed identifier: zmusic:channel
[17:04:59] [Render thread/WARN]: Unknown custom packed identifier: zmusic:channel
[17:04:59] [Render thread/WARN]: Unknown custom packed identifier: allmusic:channel
[17:05:00] [Render thread/WARN]: Unknown custom packed identifier: allmusic:channel
[17:05:00] [Render thread/WARN]: Unknown custom packed identifier: zmusic:channel
[17:05:01] [Render thread/WARN]: Unknown custom packed identifier: zmusic:channel
[17:05:01] [Render thread/WARN]: Unknown custom packed identifier: allmusic:channel
[17:05:02] [Render thread/WARN]: Unknown custom packed identifier: allmusic:channel
[17:05:02] [Render thread/WARN]: Unknown custom packed identifier: zmusic:channel
[17:05:03] [Render thread/WARN]: Unknown custom packed identifier: allmusic:channel
[17:05:03] [Render thread/WARN]: Unknown custom packed identifier: zmusic:channel
[17:05:04] [Render thread/WARN]: Unknown custom packed identifier: allmusic:channel
[17:05:04] [Render thread/WARN]: Unknown custom packed identifier: zmusic:channel
[17:05:04] [Render thread/WARN]: Unknown custom packed identifier: allmusic:channel
[17:05:04] [Render thread/WARN]: Unknown custom packed identifier: zmusic:channel
[17:05:05] [Render thread/WARN]: Unknown custom packed identifier: zmusic:channel
[17:05:05] [Render thread/WARN]: Unknown custom packed identifier: allmusic:channel
[17:05:06] [Render thread/WARN]: Unknown custom packed identifier: zmusic:channel
[17:05:06] [Render thread/WARN]: Unknown custom packed identifier: allmusic:channel
[17:05:07] [Render thread/WARN]: Unknown custom packed identifier: allmusic:channel
[17:05:07] [Render thread/WARN]: Unknown custom packed identifier: zmusic:channel
[17:05:08] [Render thread/WARN]: Unknown custom packed identifier: allmusic:channel
[17:05:08] [Render thread/WARN]: Unknown custom packed identifier: zmusic:channel
[17:05:08] [Render thread/WARN]: Unknown custom packed identifier: allmusic:channel
[17:05:08] [Render thread/WARN]: Unknown custom packed identifier: zmusic:channel
[17:05:09] [Render thread/WARN]: Unknown custom packed identifier: allmusic:channel
[17:05:09] [Render thread/WARN]: Unknown custom packed identifier: zmusic:channel
[17:05:10] [Render thread/WARN]: Unknown custom packed identifier: allmusic:channel
[17:05:10] [Render thread/WARN]: Unknown custom packed identifier: zmusic:channel
[17:05:11] [Render thread/WARN]: Unknown custom packed identifier: allmusic:channel
[17:05:11] [Render thread/WARN]: Unknown custom packed identifier: zmusic:channel
[17:05:12] [Render thread/WARN]: Unknown custom packed identifier: allmusic:channel
[17:05:12] [Render thread/WARN]: Unknown custom packed identifier: zmusic:channel
[17:05:12] [Render thread/WARN]: Unknown custom packed identifier: zmusic:channel
[17:05:12] [Render thread/WARN]: Unknown custom packed identifier: allmusic:channel
[17:05:13] [Render thread/WARN]: Unknown custom packed identifier: allmusic:channel
[17:05:13] [Render thread/WARN]: Unknown custom packed identifier: zmusic:channel
[17:05:14] [Render thread/WARN]: Unknown custom packed identifier: allmusic:channel
[17:05:14] [Render thread/WARN]: Unknown custom packed identifier: zmusic:channel
[17:05:15] [Render thread/WARN]: Unknown custom packed identifier: allmusic:channel
[17:05:15] [Render thread/WARN]: Unknown custom packed identifier: zmusic:channel
[17:05:16] [Render thread/WARN]: Unknown custom packed identifier: allmusic:channel
[17:05:16] [Render thread/WARN]: Unknown custom packed identifier: zmusic:channel
[17:05:16] [Render thread/WARN]: Unknown custom packed identifier: zmusic:channel
[17:05:16] [Render thread/WARN]: Unknown custom packed identifier: allmusic:channel
[17:05:17] [Render thread/WARN]: Unknown custom packed identifier: zmusic:channel
[17:05:17] [Render thread/WARN]: Unknown custom packed identifier: allmusic:channel
[17:05:18] [Render thread/WARN]: Unknown custom packed identifier: allmusic:channel
[17:05:18] [Render thread/WARN]: Unknown custom packed identifier: zmusic:channel
[17:05:19] [Render thread/WARN]: Unknown custom packed identifier: allmusic:channel
[17:05:19] [Render thread/WARN]: Unknown custom packed identifier: zmusic:channel
[17:05:20] [Render thread/INFO]: Stopping!
